[2026-02-18T16:27:19.323+0000] {manager.py:486} INFO - Processing files using up to 2 processes at a time 
[2026-02-18T16:27:19.323+0000] {manager.py:487} INFO - Process each file at most once every 30 seconds
[2026-02-18T16:27:19.324+0000] {manager.py:488} INFO - Checking for new files in /opt/airflow/dags every 300 seconds
[2026-02-18T16:27:19.324+0000] {manager.py:832} INFO - Searching for files in /opt/airflow/dags
[2026-02-18T16:27:19.324+0000] {manager.py:835} INFO - There are 0 files in /opt/airflow/dags
[2026-02-18T16:32:20.129+0000] {manager.py:832} INFO - Searching for files in /opt/airflow/dags
[2026-02-18T16:32:20.131+0000] {manager.py:835} INFO - There are 0 files in /opt/airflow/dags
[2026-02-18T16:37:20.910+0000] {manager.py:832} INFO - Searching for files in /opt/airflow/dags
[2026-02-18T16:37:20.911+0000] {manager.py:835} INFO - There are 0 files in /opt/airflow/dags
[2026-02-18T16:42:21.572+0000] {manager.py:832} INFO - Searching for files in /opt/airflow/dags
[2026-02-18T16:42:21.574+0000] {manager.py:835} INFO - There are 0 files in /opt/airflow/dags
[2026-02-18T16:47:22.156+0000] {manager.py:832} INFO - Searching for files in /opt/airflow/dags
[2026-02-18T16:47:22.163+0000] {manager.py:835} INFO - There are 0 files in /opt/airflow/dags
[2026-02-18T16:52:22.698+0000] {manager.py:832} INFO - Searching for files in /opt/airflow/dags
[2026-02-18T16:52:22.701+0000] {manager.py:835} INFO - There are 0 files in /opt/airflow/dags
[2026-02-18T16:57:23.425+0000] {manager.py:832} INFO - Searching for files in /opt/airflow/dags
[2026-02-18T16:57:23.426+0000] {manager.py:835} INFO - There are 0 files in /opt/airflow/dags
[2026-02-18T17:02:23.797+0000] {manager.py:832} INFO - Searching for files in /opt/airflow/dags
[2026-02-18T17:02:23.805+0000] {manager.py:835} INFO - There are 0 files in /opt/airflow/dags
[2026-02-18T17:07:24.659+0000] {manager.py:832} INFO - Searching for files in /opt/airflow/dags
[2026-02-18T17:07:24.661+0000] {manager.py:835} INFO - There are 0 files in /opt/airflow/dags
[2026-02-18T17:12:25.505+0000] {manager.py:832} INFO - Searching for files in /opt/airflow/dags
[2026-02-18T17:12:25.507+0000] {manager.py:835} INFO - There are 0 files in /opt/airflow/dags
[2026-02-18T17:17:26.335+0000] {manager.py:832} INFO - Searching for files in /opt/airflow/dags
[2026-02-18T17:17:26.336+0000] {manager.py:835} INFO - There are 0 files in /opt/airflow/dags
[2026-02-18T17:22:27.135+0000] {manager.py:832} INFO - Searching for files in /opt/airflow/dags
[2026-02-18T17:22:27.136+0000] {manager.py:835} INFO - There are 0 files in /opt/airflow/dags
[2026-02-18T17:27:27.967+0000] {manager.py:832} INFO - Searching for files in /opt/airflow/dags
[2026-02-18T17:27:27.969+0000] {manager.py:835} INFO - There are 0 files in /opt/airflow/dags
[2026-02-18T17:32:28.842+0000] {manager.py:832} INFO - Searching for files in /opt/airflow/dags
[2026-02-18T17:32:28.844+0000] {manager.py:835} INFO - There are 0 files in /opt/airflow/dags
[2026-02-19T05:31:02.222+0000] {manager.py:832} INFO - Searching for files in /opt/airflow/dags
[2026-02-19T05:31:02.224+0000] {manager.py:835} INFO - There are 0 files in /opt/airflow/dags
[2026-02-19T05:31:49.170+0000] {manager.py:468} INFO - Exiting gracefully upon receiving signal 15
[2026-03-07T10:26:29.545+0000] {manager.py:486} INFO - Processing files using up to 2 processes at a time 
[2026-03-07T10:26:29.546+0000] {manager.py:487} INFO - Process each file at most once every 30 seconds
[2026-03-07T10:26:29.546+0000] {manager.py:488} INFO - Checking for new files in /opt/airflow/dags every 300 seconds
[2026-03-07T10:26:29.546+0000] {manager.py:832} INFO - Searching for files in /opt/airflow/dags
[2026-03-07T10:26:29.547+0000] {manager.py:835} INFO - There are 0 files in /opt/airflow/dags
[2026-03-07T10:33:36.464+0000] {manager.py:486} INFO - Processing files using up to 2 processes at a time 
[2026-03-07T10:33:36.465+0000] {manager.py:487} INFO - Process each file at most once every 30 seconds
[2026-03-07T10:33:36.465+0000] {manager.py:488} INFO - Checking for new files in /opt/airflow/dags every 300 seconds
[2026-03-07T10:33:36.465+0000] {manager.py:832} INFO - Searching for files in /opt/airflow/dags
[2026-03-07T10:33:36.466+0000] {manager.py:835} INFO - There are 0 files in /opt/airflow/dags
[2026-03-07T10:38:37.209+0000] {manager.py:832} INFO - Searching for files in /opt/airflow/dags
[2026-03-07T10:38:37.211+0000] {manager.py:835} INFO - There are 0 files in /opt/airflow/dags
[2026-03-07T10:43:37.979+0000] {manager.py:832} INFO - Searching for files in /opt/airflow/dags
[2026-03-07T10:43:37.980+0000] {manager.py:835} INFO - There are 0 files in /opt/airflow/dags
[2026-03-07T10:48:38.773+0000] {manager.py:832} INFO - Searching for files in /opt/airflow/dags
[2026-03-07T10:48:38.774+0000] {manager.py:835} INFO - There are 0 files in /opt/airflow/dags
[2026-03-07T10:53:39.582+0000] {manager.py:832} INFO - Searching for files in /opt/airflow/dags
[2026-03-07T10:53:39.583+0000] {manager.py:835} INFO - There are 0 files in /opt/airflow/dags
[2026-03-07T10:58:40.406+0000] {manager.py:832} INFO - Searching for files in /opt/airflow/dags
[2026-03-07T10:58:40.407+0000] {manager.py:835} INFO - There are 0 files in /opt/airflow/dags
[2026-03-07T11:03:41.248+0000] {manager.py:832} INFO - Searching for files in /opt/airflow/dags
[2026-03-07T11:03:41.248+0000] {manager.py:835} INFO - There are 0 files in /opt/airflow/dags
[2026-03-07T11:08:42.060+0000] {manager.py:832} INFO - Searching for files in /opt/airflow/dags
[2026-03-07T11:08:42.060+0000] {manager.py:835} INFO - There are 0 files in /opt/airflow/dags
[2026-03-07T11:13:42.883+0000] {manager.py:832} INFO - Searching for files in /opt/airflow/dags
[2026-03-07T11:13:42.884+0000] {manager.py:835} INFO - There are 0 files in /opt/airflow/dags
[2026-03-07T11:18:43.598+0000] {manager.py:832} INFO - Searching for files in /opt/airflow/dags
[2026-03-07T11:18:43.598+0000] {manager.py:835} INFO - There are 0 files in /opt/airflow/dags
[2026-03-07T11:23:44.417+0000] {manager.py:832} INFO - Searching for files in /opt/airflow/dags
[2026-03-07T11:23:44.418+0000] {manager.py:835} INFO - There are 0 files in /opt/airflow/dags
[2026-03-07T11:28:45.245+0000] {manager.py:832} INFO - Searching for files in /opt/airflow/dags
[2026-03-07T11:28:45.246+0000] {manager.py:835} INFO - There are 0 files in /opt/airflow/dags
[2026-03-07T11:33:46.064+0000] {manager.py:832} INFO - Searching for files in /opt/airflow/dags
[2026-03-07T11:33:46.065+0000] {manager.py:835} INFO - There are 0 files in /opt/airflow/dags
[2026-03-07T11:38:46.866+0000] {manager.py:832} INFO - Searching for files in /opt/airflow/dags
[2026-03-07T11:38:46.868+0000] {manager.py:835} INFO - There are 0 files in /opt/airflow/dags
[2026-03-07T11:43:47.664+0000] {manager.py:832} INFO - Searching for files in /opt/airflow/dags
[2026-03-07T11:43:47.666+0000] {manager.py:835} INFO - There are 0 files in /opt/airflow/dags
[2026-03-07T11:48:48.470+0000] {manager.py:832} INFO - Searching for files in /opt/airflow/dags
[2026-03-07T11:48:48.471+0000] {manager.py:835} INFO - There are 0 files in /opt/airflow/dags
[2026-03-07T11:53:49.318+0000] {manager.py:832} INFO - Searching for files in /opt/airflow/dags
[2026-03-07T11:53:49.319+0000] {manager.py:835} INFO - There are 0 files in /opt/airflow/dags
[2026-03-07T11:58:50.147+0000] {manager.py:832} INFO - Searching for files in /opt/airflow/dags
[2026-03-07T11:58:50.148+0000] {manager.py:835} INFO - There are 0 files in /opt/airflow/dags
[2026-03-07T12:03:50.983+0000] {manager.py:832} INFO - Searching for files in /opt/airflow/dags
[2026-03-07T12:03:50.984+0000] {manager.py:835} INFO - There are 0 files in /opt/airflow/dags
[2026-03-07T12:08:51.798+0000] {manager.py:832} INFO - Searching for files in /opt/airflow/dags
[2026-03-07T12:08:51.800+0000] {manager.py:835} INFO - There are 0 files in /opt/airflow/dags
[2026-03-07T12:13:52.616+0000] {manager.py:832} INFO - Searching for files in /opt/airflow/dags
[2026-03-07T12:13:52.617+0000] {manager.py:835} INFO - There are 0 files in /opt/airflow/dags
[2026-03-07T12:18:53.424+0000] {manager.py:832} INFO - Searching for files in /opt/airflow/dags
[2026-03-07T12:18:53.424+0000] {manager.py:835} INFO - There are 0 files in /opt/airflow/dags
[2026-03-07T12:23:54.240+0000] {manager.py:832} INFO - Searching for files in /opt/airflow/dags
[2026-03-07T12:23:54.241+0000] {manager.py:835} INFO - There are 0 files in /opt/airflow/dags
[2026-03-07T12:28:55.048+0000] {manager.py:832} INFO - Searching for files in /opt/airflow/dags
[2026-03-07T12:28:55.049+0000] {manager.py:835} INFO - There are 0 files in /opt/airflow/dags
[2026-03-07T12:33:55.860+0000] {manager.py:832} INFO - Searching for files in /opt/airflow/dags
[2026-03-07T12:33:55.860+0000] {manager.py:835} INFO - There are 0 files in /opt/airflow/dags
[2026-03-07T12:38:56.658+0000] {manager.py:832} INFO - Searching for files in /opt/airflow/dags
[2026-03-07T12:38:56.659+0000] {manager.py:835} INFO - There are 0 files in /opt/airflow/dags
[2026-03-07T12:43:57.487+0000] {manager.py:832} INFO - Searching for files in /opt/airflow/dags
[2026-03-07T12:43:57.488+0000] {manager.py:835} INFO - There are 0 files in /opt/airflow/dags
[2026-03-07T12:48:58.288+0000] {manager.py:832} INFO - Searching for files in /opt/airflow/dags
[2026-03-07T12:48:58.290+0000] {manager.py:835} INFO - There are 0 files in /opt/airflow/dags
[2026-03-07T12:53:59.080+0000] {manager.py:832} INFO - Searching for files in /opt/airflow/dags
[2026-03-07T12:53:59.081+0000] {manager.py:835} INFO - There are 0 files in /opt/airflow/dags
[2026-03-07T12:58:59.915+0000] {manager.py:832} INFO - Searching for files in /opt/airflow/dags
[2026-03-07T12:58:59.916+0000] {manager.py:835} INFO - There are 0 files in /opt/airflow/dags
[2026-03-07T13:04:00.698+0000] {manager.py:832} INFO - Searching for files in /opt/airflow/dags
[2026-03-07T13:04:00.700+0000] {manager.py:835} INFO - There are 0 files in /opt/airflow/dags
[2026-03-07T13:09:01.495+0000] {manager.py:832} INFO - Searching for files in /opt/airflow/dags
[2026-03-07T13:09:01.496+0000] {manager.py:835} INFO - There are 0 files in /opt/airflow/dags
[2026-03-07T13:14:02.329+0000] {manager.py:832} INFO - Searching for files in /opt/airflow/dags
[2026-03-07T13:14:02.330+0000] {manager.py:835} INFO - There are 0 files in /opt/airflow/dags
[2026-03-07T13:19:03.156+0000] {manager.py:832} INFO - Searching for files in /opt/airflow/dags
[2026-03-07T13:19:03.157+0000] {manager.py:835} INFO - There are 0 files in /opt/airflow/dags
[2026-03-07T13:24:03.919+0000] {manager.py:832} INFO - Searching for files in /opt/airflow/dags
[2026-03-07T13:24:03.920+0000] {manager.py:835} INFO - There are 0 files in /opt/airflow/dags
[2026-03-07T13:29:04.750+0000] {manager.py:832} INFO - Searching for files in /opt/airflow/dags
[2026-03-07T13:29:04.751+0000] {manager.py:835} INFO - There are 0 files in /opt/airflow/dags
[2026-03-08T12:55:01.230+0000] {manager.py:832} INFO - Searching for files in /opt/airflow/dags
[2026-03-08T12:55:01.230+0000] {manager.py:835} INFO - There are 0 files in /opt/airflow/dags
[2026-03-08T13:00:02.080+0000] {manager.py:832} INFO - Searching for files in /opt/airflow/dags
[2026-03-08T13:00:02.081+0000] {manager.py:835} INFO - There are 0 files in /opt/airflow/dags
[2026-03-08T13:05:02.890+0000] {manager.py:832} INFO - Searching for files in /opt/airflow/dags
[2026-03-08T13:05:02.891+0000] {manager.py:835} INFO - There are 0 files in /opt/airflow/dags
[2026-03-08T13:10:03.694+0000] {manager.py:832} INFO - Searching for files in /opt/airflow/dags
[2026-03-08T13:10:03.695+0000] {manager.py:835} INFO - There are 0 files in /opt/airflow/dags
[2026-03-08T13:15:04.508+0000] {manager.py:832} INFO - Searching for files in /opt/airflow/dags
[2026-03-08T13:15:04.509+0000] {manager.py:835} INFO - There are 0 files in /opt/airflow/dags
[2026-03-08T13:20:05.369+0000] {manager.py:832} INFO - Searching for files in /opt/airflow/dags
[2026-03-08T13:20:05.370+0000] {manager.py:835} INFO - There are 0 files in /opt/airflow/dags
[2026-03-08T13:25:06.201+0000] {manager.py:832} INFO - Searching for files in /opt/airflow/dags
[2026-03-08T13:25:06.202+0000] {manager.py:835} INFO - There are 0 files in /opt/airflow/dags
[2026-03-08T13:30:07.001+0000] {manager.py:832} INFO - Searching for files in /opt/airflow/dags
[2026-03-08T13:30:07.002+0000] {manager.py:835} INFO - There are 0 files in /opt/airflow/dags
[2026-03-08T13:35:07.858+0000] {manager.py:832} INFO - Searching for files in /opt/airflow/dags
[2026-03-08T13:35:07.860+0000] {manager.py:835} INFO - There are 0 files in /opt/airflow/dags
[2026-03-08T13:40:08.657+0000] {manager.py:832} INFO - Searching for files in /opt/airflow/dags
[2026-03-08T13:40:08.658+0000] {manager.py:835} INFO - There are 0 files in /opt/airflow/dags
[2026-03-09T06:42:15.253+0000] {manager.py:832} INFO - Searching for files in /opt/airflow/dags
[2026-03-09T06:42:15.254+0000] {manager.py:835} INFO - There are 0 files in /opt/airflow/dags
[2026-03-09T06:47:15.997+0000] {manager.py:832} INFO - Searching for files in /opt/airflow/dags
[2026-03-09T06:47:15.999+0000] {manager.py:835} INFO - There are 0 files in /opt/airflow/dags
[2026-03-09T06:52:16.763+0000] {manager.py:832} INFO - Searching for files in /opt/airflow/dags
[2026-03-09T06:52:16.764+0000] {manager.py:835} INFO - There are 0 files in /opt/airflow/dags
[2026-03-09T06:57:17.507+0000] {manager.py:832} INFO - Searching for files in /opt/airflow/dags
[2026-03-09T06:57:17.508+0000] {manager.py:835} INFO - There are 0 files in /opt/airflow/dags
[2026-03-09T07:02:18.313+0000] {manager.py:832} INFO - Searching for files in /opt/airflow/dags
[2026-03-09T07:02:18.314+0000] {manager.py:835} INFO - There are 0 files in /opt/airflow/dags
[2026-03-09T07:07:19.083+0000] {manager.py:832} INFO - Searching for files in /opt/airflow/dags
[2026-03-09T07:07:19.085+0000] {manager.py:835} INFO - There are 0 files in /opt/airflow/dags
[2026-03-09T07:12:19.809+0000] {manager.py:832} INFO - Searching for files in /opt/airflow/dags
[2026-03-09T07:12:19.810+0000] {manager.py:835} INFO - There are 0 files in /opt/airflow/dags
[2026-03-09T07:17:20.453+0000] {manager.py:832} INFO - Searching for files in /opt/airflow/dags
[2026-03-09T07:17:20.454+0000] {manager.py:835} INFO - There are 0 files in /opt/airflow/dags
[2026-03-09T07:22:21.262+0000] {manager.py:832} INFO - Searching for files in /opt/airflow/dags
[2026-03-09T07:22:21.264+0000] {manager.py:835} INFO - There are 0 files in /opt/airflow/dags
[2026-03-09T07:27:22.038+0000] {manager.py:832} INFO - Searching for files in /opt/airflow/dags
[2026-03-09T07:27:22.040+0000] {manager.py:835} INFO - There are 0 files in /opt/airflow/dags
[2026-03-09T07:32:22.650+0000] {manager.py:832} INFO - Searching for files in /opt/airflow/dags
[2026-03-09T07:32:22.651+0000] {manager.py:835} INFO - There are 0 files in /opt/airflow/dags
[2026-03-09T07:37:23.473+0000] {manager.py:832} INFO - Searching for files in /opt/airflow/dags
[2026-03-09T07:37:23.475+0000] {manager.py:835} INFO - There are 0 files in /opt/airflow/dags
[2026-03-09T07:42:24.160+0000] {manager.py:832} INFO - Searching for files in /opt/airflow/dags
[2026-03-09T07:42:24.161+0000] {manager.py:835} INFO - There are 0 files in /opt/airflow/dags
[2026-03-09T07:47:24.930+0000] {manager.py:832} INFO - Searching for files in /opt/airflow/dags
[2026-03-09T07:47:24.931+0000] {manager.py:835} INFO - There are 0 files in /opt/airflow/dags
[2026-03-09T07:52:25.559+0000] {manager.py:832} INFO - Searching for files in /opt/airflow/dags
[2026-03-09T07:52:25.560+0000] {manager.py:835} INFO - There are 0 files in /opt/airflow/dags
[2026-03-09T07:57:25.933+0000] {manager.py:832} INFO - Searching for files in /opt/airflow/dags
[2026-03-09T07:57:25.934+0000] {manager.py:835} INFO - There are 0 files in /opt/airflow/dags
[2026-03-09T08:02:26.418+0000] {manager.py:832} INFO - Searching for files in /opt/airflow/dags
[2026-03-09T08:02:26.419+0000] {manager.py:835} INFO - There are 0 files in /opt/airflow/dags
[2026-03-09T08:07:26.846+0000] {manager.py:832} INFO - Searching for files in /opt/airflow/dags
[2026-03-09T08:07:26.847+0000] {manager.py:835} INFO - There are 0 files in /opt/airflow/dags
[2026-03-09T08:12:27.550+0000] {manager.py:832} INFO - Searching for files in /opt/airflow/dags
[2026-03-09T08:12:27.552+0000] {manager.py:835} INFO - There are 0 files in /opt/airflow/dags
[2026-03-09T08:17:27.976+0000] {manager.py:832} INFO - Searching for files in /opt/airflow/dags
[2026-03-09T08:17:27.977+0000] {manager.py:835} INFO - There are 0 files in /opt/airflow/dags
[2026-03-09T08:22:28.591+0000] {manager.py:832} INFO - Searching for files in /opt/airflow/dags
[2026-03-09T08:22:28.592+0000] {manager.py:835} INFO - There are 0 files in /opt/airflow/dags
[2026-03-09T08:27:29.197+0000] {manager.py:832} INFO - Searching for files in /opt/airflow/dags
[2026-03-09T08:27:29.198+0000] {manager.py:835} INFO - There are 0 files in /opt/airflow/dags
[2026-03-09T08:32:29.746+0000] {manager.py:832} INFO - Searching for files in /opt/airflow/dags
[2026-03-09T08:32:29.748+0000] {manager.py:835} INFO - There are 0 files in /opt/airflow/dags
[2026-03-09T08:37:30.370+0000] {manager.py:832} INFO - Searching for files in /opt/airflow/dags
[2026-03-09T08:37:30.372+0000] {manager.py:835} INFO - There are 0 files in /opt/airflow/dags
[2026-03-09T08:42:30.986+0000] {manager.py:832} INFO - Searching for files in /opt/airflow/dags
[2026-03-09T08:42:30.987+0000] {manager.py:835} INFO - There are 0 files in /opt/airflow/dags
[2026-03-09T08:47:31.487+0000] {manager.py:832} INFO - Searching for files in /opt/airflow/dags
[2026-03-09T08:47:31.488+0000] {manager.py:835} INFO - There are 0 files in /opt/airflow/dags
[2026-03-09T08:52:31.838+0000] {manager.py:832} INFO - Searching for files in /opt/airflow/dags
[2026-03-09T08:52:31.839+0000] {manager.py:835} INFO - There are 0 files in /opt/airflow/dags
[2026-03-09T08:57:32.199+0000] {manager.py:832} INFO - Searching for files in /opt/airflow/dags
[2026-03-09T08:57:32.203+0000] {manager.py:835} INFO - There are 0 files in /opt/airflow/dags
[2026-03-09T09:02:32.580+0000] {manager.py:832} INFO - Searching for files in /opt/airflow/dags
[2026-03-09T09:02:32.581+0000] {manager.py:835} INFO - There are 0 files in /opt/airflow/dags
[2026-03-09T09:07:32.964+0000] {manager.py:832} INFO - Searching for files in /opt/airflow/dags
[2026-03-09T09:07:32.965+0000] {manager.py:835} INFO - There are 0 files in /opt/airflow/dags
[2026-03-09T09:12:33.364+0000] {manager.py:832} INFO - Searching for files in /opt/airflow/dags
[2026-03-09T09:12:33.365+0000] {manager.py:835} INFO - There are 0 files in /opt/airflow/dags
[2026-03-09T09:17:33.736+0000] {manager.py:832} INFO - Searching for files in /opt/airflow/dags
[2026-03-09T09:17:33.737+0000] {manager.py:835} INFO - There are 0 files in /opt/airflow/dags
[2026-03-09T09:22:34.139+0000] {manager.py:832} INFO - Searching for files in /opt/airflow/dags
[2026-03-09T09:22:34.140+0000] {manager.py:835} INFO - There are 0 files in /opt/airflow/dags
[2026-03-09T09:27:34.519+0000] {manager.py:832} INFO - Searching for files in /opt/airflow/dags
[2026-03-09T09:27:34.520+0000] {manager.py:835} INFO - There are 0 files in /opt/airflow/dags
[2026-03-09T09:32:34.930+0000] {manager.py:832} INFO - Searching for files in /opt/airflow/dags
[2026-03-09T09:32:34.931+0000] {manager.py:835} INFO - There are 0 files in /opt/airflow/dags
[2026-03-09T09:37:35.336+0000] {manager.py:832} INFO - Searching for files in /opt/airflow/dags
[2026-03-09T09:37:35.338+0000] {manager.py:835} INFO - There are 0 files in /opt/airflow/dags
[2026-03-09T09:42:35.945+0000] {manager.py:832} INFO - Searching for files in /opt/airflow/dags
[2026-03-09T09:42:35.947+0000] {manager.py:835} INFO - There are 0 files in /opt/airflow/dags
[2026-03-09T09:47:36.571+0000] {manager.py:832} INFO - Searching for files in /opt/airflow/dags
[2026-03-09T09:47:36.572+0000] {manager.py:835} INFO - There are 0 files in /opt/airflow/dags
[2026-03-09T09:52:37.087+0000] {manager.py:832} INFO - Searching for files in /opt/airflow/dags
[2026-03-09T09:52:37.088+0000] {manager.py:835} INFO - There are 0 files in /opt/airflow/dags
[2026-03-09T09:57:37.636+0000] {manager.py:832} INFO - Searching for files in /opt/airflow/dags
[2026-03-09T09:57:37.637+0000] {manager.py:835} INFO - There are 0 files in /opt/airflow/dags
[2026-03-09T10:02:38.269+0000] {manager.py:832} INFO - Searching for files in /opt/airflow/dags
[2026-03-09T10:02:38.270+0000] {manager.py:835} INFO - There are 0 files in /opt/airflow/dags
[2026-03-09T10:07:38.963+0000] {manager.py:832} INFO - Searching for files in /opt/airflow/dags
[2026-03-09T10:07:38.964+0000] {manager.py:835} INFO - There are 0 files in /opt/airflow/dags
[2026-03-09T10:12:39.459+0000] {manager.py:832} INFO - Searching for files in /opt/airflow/dags
[2026-03-09T10:12:39.460+0000] {manager.py:835} INFO - There are 0 files in /opt/airflow/dags
[2026-03-09T10:17:40.060+0000] {manager.py:832} INFO - Searching for files in /opt/airflow/dags
[2026-03-09T10:17:40.060+0000] {manager.py:835} INFO - There are 0 files in /opt/airflow/dags
[2026-03-09T10:22:40.637+0000] {manager.py:832} INFO - Searching for files in /opt/airflow/dags
[2026-03-09T10:22:40.639+0000] {manager.py:835} INFO - There are 0 files in /opt/airflow/dags
[2026-03-09T10:27:41.269+0000] {manager.py:832} INFO - Searching for files in /opt/airflow/dags
[2026-03-09T10:27:41.271+0000] {manager.py:835} INFO - There are 0 files in /opt/airflow/dags
[2026-03-09T10:32:41.948+0000] {manager.py:832} INFO - Searching for files in /opt/airflow/dags
[2026-03-09T10:32:41.950+0000] {manager.py:835} INFO - There are 0 files in /opt/airflow/dags
[2026-03-09T10:37:42.656+0000] {manager.py:832} INFO - Searching for files in /opt/airflow/dags
[2026-03-09T10:37:42.657+0000] {manager.py:835} INFO - There are 0 files in /opt/airflow/dags
[2026-03-09T10:42:43.252+0000] {manager.py:832} INFO - Searching for files in /opt/airflow/dags
[2026-03-09T10:42:43.254+0000] {manager.py:835} INFO - There are 0 files in /opt/airflow/dags
[2026-03-09T10:47:43.906+0000] {manager.py:832} INFO - Searching for files in /opt/airflow/dags
[2026-03-09T10:47:43.907+0000] {manager.py:835} INFO - There are 0 files in /opt/airflow/dags
[2026-03-09T10:52:44.617+0000] {manager.py:832} INFO - Searching for files in /opt/airflow/dags
[2026-03-09T10:52:44.618+0000] {manager.py:835} INFO - There are 0 files in /opt/airflow/dags
[2026-03-09T10:57:45.348+0000] {manager.py:832} INFO - Searching for files in /opt/airflow/dags
[2026-03-09T10:57:45.349+0000] {manager.py:835} INFO - There are 0 files in /opt/airflow/dags
[2026-03-09T11:02:45.901+0000] {manager.py:832} INFO - Searching for files in /opt/airflow/dags
[2026-03-09T11:02:45.902+0000] {manager.py:835} INFO - There are 0 files in /opt/airflow/dags
[2026-03-09T11:07:46.401+0000] {manager.py:832} INFO - Searching for files in /opt/airflow/dags
[2026-03-09T11:07:46.402+0000] {manager.py:835} INFO - There are 0 files in /opt/airflow/dags
[2026-03-09T11:12:46.835+0000] {manager.py:832} INFO - Searching for files in /opt/airflow/dags
[2026-03-09T11:12:46.838+0000] {manager.py:835} INFO - There are 0 files in /opt/airflow/dags
[2026-03-09T11:17:47.234+0000] {manager.py:832} INFO - Searching for files in /opt/airflow/dags
[2026-03-09T11:17:47.235+0000] {manager.py:835} INFO - There are 0 files in /opt/airflow/dags
[2026-03-09T11:22:47.643+0000] {manager.py:832} INFO - Searching for files in /opt/airflow/dags
[2026-03-09T11:22:47.643+0000] {manager.py:835} INFO - There are 0 files in /opt/airflow/dags
[2026-03-09T11:27:48.019+0000] {manager.py:832} INFO - Searching for files in /opt/airflow/dags
[2026-03-09T11:27:48.019+0000] {manager.py:835} INFO - There are 0 files in /opt/airflow/dags
[2026-03-09T11:32:48.433+0000] {manager.py:832} INFO - Searching for files in /opt/airflow/dags
[2026-03-09T11:32:48.434+0000] {manager.py:835} INFO - There are 0 files in /opt/airflow/dags
[2026-03-09T11:37:48.814+0000] {manager.py:832} INFO - Searching for files in /opt/airflow/dags
[2026-03-09T11:37:48.815+0000] {manager.py:835} INFO - There are 0 files in /opt/airflow/dags
[2026-03-09T11:42:49.193+0000] {manager.py:832} INFO - Searching for files in /opt/airflow/dags
[2026-03-09T11:42:49.193+0000] {manager.py:835} INFO - There are 0 files in /opt/airflow/dags
[2026-03-09T11:47:49.605+0000] {manager.py:832} INFO - Searching for files in /opt/airflow/dags
[2026-03-09T11:47:49.606+0000] {manager.py:835} INFO - There are 0 files in /opt/airflow/dags
[2026-03-09T11:52:50.043+0000] {manager.py:832} INFO - Searching for files in /opt/airflow/dags
[2026-03-09T11:52:50.044+0000] {manager.py:835} INFO - There are 0 files in /opt/airflow/dags
[2026-03-09T11:57:50.485+0000] {manager.py:832} INFO - Searching for files in /opt/airflow/dags
[2026-03-09T11:57:50.486+0000] {manager.py:835} INFO - There are 0 files in /opt/airflow/dags
[2026-03-09T12:02:50.851+0000] {manager.py:832} INFO - Searching for files in /opt/airflow/dags
[2026-03-09T12:02:50.852+0000] {manager.py:835} INFO - There are 0 files in /opt/airflow/dags
[2026-03-09T12:07:51.234+0000] {manager.py:832} INFO - Searching for files in /opt/airflow/dags
[2026-03-09T12:07:51.235+0000] {manager.py:835} INFO - There are 0 files in /opt/airflow/dags
[2026-03-09T12:12:51.615+0000] {manager.py:832} INFO - Searching for files in /opt/airflow/dags
[2026-03-09T12:12:51.617+0000] {manager.py:835} INFO - There are 0 files in /opt/airflow/dags
[2026-03-09T12:17:51.998+0000] {manager.py:832} INFO - Searching for files in /opt/airflow/dags
[2026-03-09T12:17:51.998+0000] {manager.py:835} INFO - There are 0 files in /opt/airflow/dags
[2026-03-09T12:22:52.338+0000] {manager.py:832} INFO - Searching for files in /opt/airflow/dags
[2026-03-09T12:22:52.338+0000] {manager.py:835} INFO - There are 0 files in /opt/airflow/dags
[2026-03-09T12:27:52.714+0000] {manager.py:832} INFO - Searching for files in /opt/airflow/dags
[2026-03-09T12:27:52.714+0000] {manager.py:835} INFO - There are 0 files in /opt/airflow/dags
[2026-03-09T12:32:53.079+0000] {manager.py:832} INFO - Searching for files in /opt/airflow/dags
[2026-03-09T12:32:53.080+0000] {manager.py:835} INFO - There are 0 files in /opt/airflow/dags
[2026-03-09T12:37:53.483+0000] {manager.py:832} INFO - Searching for files in /opt/airflow/dags
[2026-03-09T12:37:53.484+0000] {manager.py:835} INFO - There are 0 files in /opt/airflow/dags
[2026-03-09T12:42:53.868+0000] {manager.py:832} INFO - Searching for files in /opt/airflow/dags
[2026-03-09T12:42:53.869+0000] {manager.py:835} INFO - There are 0 files in /opt/airflow/dags
[2026-03-09T12:47:54.353+0000] {manager.py:832} INFO - Searching for files in /opt/airflow/dags
[2026-03-09T12:47:54.354+0000] {manager.py:835} INFO - There are 0 files in /opt/airflow/dags
[2026-03-09T12:52:54.782+0000] {manager.py:832} INFO - Searching for files in /opt/airflow/dags
[2026-03-09T12:52:54.784+0000] {manager.py:835} INFO - There are 0 files in /opt/airflow/dags
[2026-03-09T12:57:55.240+0000] {manager.py:832} INFO - Searching for files in /opt/airflow/dags
[2026-03-09T12:57:55.240+0000] {manager.py:835} INFO - There are 0 files in /opt/airflow/dags
[2026-03-09T13:02:55.776+0000] {manager.py:832} INFO - Searching for files in /opt/airflow/dags
[2026-03-09T13:02:55.777+0000] {manager.py:835} INFO - There are 0 files in /opt/airflow/dags
[2026-03-09T13:07:56.139+0000] {manager.py:832} INFO - Searching for files in /opt/airflow/dags
[2026-03-09T13:07:56.141+0000] {manager.py:835} INFO - There are 0 files in /opt/airflow/dags
[2026-03-09T13:12:56.521+0000] {manager.py:832} INFO - Searching for files in /opt/airflow/dags
[2026-03-09T13:12:56.521+0000] {manager.py:835} INFO - There are 0 files in /opt/airflow/dags
[2026-03-09T13:17:56.893+0000] {manager.py:832} INFO - Searching for files in /opt/airflow/dags
[2026-03-09T13:17:56.894+0000] {manager.py:835} INFO - There are 0 files in /opt/airflow/dags
[2026-03-09T13:22:57.246+0000] {manager.py:832} INFO - Searching for files in /opt/airflow/dags
[2026-03-09T13:22:57.247+0000] {manager.py:835} INFO - There are 0 files in /opt/airflow/dags
[2026-03-09T13:27:57.610+0000] {manager.py:832} INFO - Searching for files in /opt/airflow/dags
[2026-03-09T13:27:57.611+0000] {manager.py:835} INFO - There are 0 files in /opt/airflow/dags
[2026-03-09T13:32:57.995+0000] {manager.py:832} INFO - Searching for files in /opt/airflow/dags
[2026-03-09T13:32:57.995+0000] {manager.py:835} INFO - There are 0 files in /opt/airflow/dags
[2026-03-09T13:37:58.349+0000] {manager.py:832} INFO - Searching for files in /opt/airflow/dags
[2026-03-09T13:37:58.350+0000] {manager.py:835} INFO - There are 0 files in /opt/airflow/dags
[2026-03-09T13:42:58.752+0000] {manager.py:832} INFO - Searching for files in /opt/airflow/dags
[2026-03-09T13:42:58.754+0000] {manager.py:835} INFO - There are 0 files in /opt/airflow/dags
[2026-03-09T13:47:59.301+0000] {manager.py:832} INFO - Searching for files in /opt/airflow/dags
[2026-03-09T13:47:59.302+0000] {manager.py:835} INFO - There are 0 files in /opt/airflow/dags
[2026-03-09T13:52:59.799+0000] {manager.py:832} INFO - Searching for files in /opt/airflow/dags
[2026-03-09T13:52:59.801+0000] {manager.py:835} INFO - There are 0 files in /opt/airflow/dags
[2026-03-09T13:58:00.247+0000] {manager.py:832} INFO - Searching for files in /opt/airflow/dags
[2026-03-09T13:58:00.248+0000] {manager.py:835} INFO - There are 0 files in /opt/airflow/dags
[2026-03-09T14:03:00.637+0000] {manager.py:832} INFO - Searching for files in /opt/airflow/dags
[2026-03-09T14:03:00.638+0000] {manager.py:835} INFO - There are 0 files in /opt/airflow/dags
[2026-03-09T14:08:01.020+0000] {manager.py:832} INFO - Searching for files in /opt/airflow/dags
[2026-03-09T14:08:01.021+0000] {manager.py:835} INFO - There are 0 files in /opt/airflow/dags
[2026-03-09T14:13:01.388+0000] {manager.py:832} INFO - Searching for files in /opt/airflow/dags
[2026-03-09T14:13:01.389+0000] {manager.py:835} INFO - There are 0 files in /opt/airflow/dags
[2026-03-09T14:18:01.729+0000] {manager.py:832} INFO - Searching for files in /opt/airflow/dags
[2026-03-09T14:18:01.730+0000] {manager.py:835} INFO - There are 0 files in /opt/airflow/dags
[2026-03-09T14:23:02.115+0000] {manager.py:832} INFO - Searching for files in /opt/airflow/dags
[2026-03-09T14:23:02.115+0000] {manager.py:835} INFO - There are 0 files in /opt/airflow/dags
[2026-03-09T14:28:02.511+0000] {manager.py:832} INFO - Searching for files in /opt/airflow/dags
[2026-03-09T14:28:02.512+0000] {manager.py:835} INFO - There are 0 files in /opt/airflow/dags
[2026-03-09T14:33:02.884+0000] {manager.py:832} INFO - Searching for files in /opt/airflow/dags
[2026-03-09T14:33:02.885+0000] {manager.py:835} INFO - There are 0 files in /opt/airflow/dags
[2026-03-09T14:38:03.257+0000] {manager.py:832} INFO - Searching for files in /opt/airflow/dags
[2026-03-09T14:38:03.258+0000] {manager.py:835} INFO - There are 0 files in /opt/airflow/dags
[2026-03-10T04:27:31.234+0000] {manager.py:832} INFO - Searching for files in /opt/airflow/dags
[2026-03-10T04:27:31.235+0000] {manager.py:835} INFO - There are 0 files in /opt/airflow/dags
[2026-03-10T04:32:32.178+0000] {manager.py:832} INFO - Searching for files in /opt/airflow/dags
[2026-03-10T04:32:32.179+0000] {manager.py:835} INFO - There are 0 files in /opt/airflow/dags
[2026-03-10T04:37:33.020+0000] {manager.py:832} INFO - Searching for files in /opt/airflow/dags
[2026-03-10T04:37:33.021+0000] {manager.py:835} INFO - There are 0 files in /opt/airflow/dags
[2026-03-10T04:42:33.823+0000] {manager.py:832} INFO - Searching for files in /opt/airflow/dags
[2026-03-10T04:42:33.824+0000] {manager.py:835} INFO - There are 0 files in /opt/airflow/dags
[2026-03-10T04:47:34.648+0000] {manager.py:832} INFO - Searching for files in /opt/airflow/dags
[2026-03-10T04:47:34.649+0000] {manager.py:835} INFO - There are 0 files in /opt/airflow/dags
[2026-03-10T04:52:35.470+0000] {manager.py:832} INFO - Searching for files in /opt/airflow/dags
[2026-03-10T04:52:35.472+0000] {manager.py:835} INFO - There are 0 files in /opt/airflow/dags
[2026-03-10T04:57:36.323+0000] {manager.py:832} INFO - Searching for files in /opt/airflow/dags
[2026-03-10T04:57:36.324+0000] {manager.py:835} INFO - There are 0 files in /opt/airflow/dags
[2026-03-10T05:02:37.159+0000] {manager.py:832} INFO - Searching for files in /opt/airflow/dags
[2026-03-10T05:02:37.161+0000] {manager.py:835} INFO - There are 0 files in /opt/airflow/dags
[2026-03-10T05:07:37.963+0000] {manager.py:832} INFO - Searching for files in /opt/airflow/dags
[2026-03-10T05:07:37.965+0000] {manager.py:835} INFO - There are 0 files in /opt/airflow/dags
[2026-03-10T05:12:38.795+0000] {manager.py:832} INFO - Searching for files in /opt/airflow/dags
[2026-03-10T05:12:38.796+0000] {manager.py:835} INFO - There are 0 files in /opt/airflow/dags
[2026-03-10T05:17:39.617+0000] {manager.py:832} INFO - Searching for files in /opt/airflow/dags
[2026-03-10T05:17:39.619+0000] {manager.py:835} INFO - There are 0 files in /opt/airflow/dags
[2026-03-10T05:22:40.377+0000] {manager.py:832} INFO - Searching for files in /opt/airflow/dags
[2026-03-10T05:22:40.378+0000] {manager.py:835} INFO - There are 0 files in /opt/airflow/dags
[2026-03-10T05:27:41.074+0000] {manager.py:832} INFO - Searching for files in /opt/airflow/dags
[2026-03-10T05:27:41.075+0000] {manager.py:835} INFO - There are 0 files in /opt/airflow/dags
[2026-03-10T05:32:41.870+0000] {manager.py:832} INFO - Searching for files in /opt/airflow/dags
[2026-03-10T05:32:41.871+0000] {manager.py:835} INFO - There are 0 files in /opt/airflow/dags
[2026-03-10T05:37:42.614+0000] {manager.py:832} INFO - Searching for files in /opt/airflow/dags
[2026-03-10T05:37:42.616+0000] {manager.py:835} INFO - There are 0 files in /opt/airflow/dags
[2026-03-10T05:42:43.358+0000] {manager.py:832} INFO - Searching for files in /opt/airflow/dags
[2026-03-10T05:42:43.359+0000] {manager.py:835} INFO - There are 0 files in /opt/airflow/dags
[2026-03-10T05:47:44.198+0000] {manager.py:832} INFO - Searching for files in /opt/airflow/dags
[2026-03-10T05:47:44.199+0000] {manager.py:835} INFO - There are 0 files in /opt/airflow/dags
[2026-03-10T05:52:44.913+0000] {manager.py:832} INFO - Searching for files in /opt/airflow/dags
[2026-03-10T05:52:44.914+0000] {manager.py:835} INFO - There are 0 files in /opt/airflow/dags
[2026-03-10T05:57:45.570+0000] {manager.py:832} INFO - Searching for files in /opt/airflow/dags
[2026-03-10T05:57:45.571+0000] {manager.py:835} INFO - There are 0 files in /opt/airflow/dags
[2026-03-10T06:02:46.192+0000] {manager.py:832} INFO - Searching for files in /opt/airflow/dags
[2026-03-10T06:02:46.193+0000] {manager.py:835} INFO - There are 0 files in /opt/airflow/dags
[2026-03-10T06:07:46.925+0000] {manager.py:832} INFO - Searching for files in /opt/airflow/dags
[2026-03-10T06:07:46.926+0000] {manager.py:835} INFO - There are 0 files in /opt/airflow/dags
[2026-03-10T06:12:47.701+0000] {manager.py:832} INFO - Searching for files in /opt/airflow/dags
[2026-03-10T06:12:47.702+0000] {manager.py:835} INFO - There are 0 files in /opt/airflow/dags
[2026-03-10T06:17:48.508+0000] {manager.py:832} INFO - Searching for files in /opt/airflow/dags
[2026-03-10T06:17:48.510+0000] {manager.py:835} INFO - There are 0 files in /opt/airflow/dags
[2026-03-10T06:22:49.123+0000] {manager.py:832} INFO - Searching for files in /opt/airflow/dags
[2026-03-10T06:22:49.124+0000] {manager.py:835} INFO - There are 0 files in /opt/airflow/dags
[2026-03-10T06:27:49.748+0000] {manager.py:832} INFO - Searching for files in /opt/airflow/dags
[2026-03-10T06:27:49.749+0000] {manager.py:835} INFO - There are 0 files in /opt/airflow/dags
[2026-03-10T06:32:50.565+0000] {manager.py:832} INFO - Searching for files in /opt/airflow/dags
[2026-03-10T06:32:50.566+0000] {manager.py:835} INFO - There are 0 files in /opt/airflow/dags
[2026-03-10T06:37:51.322+0000] {manager.py:832} INFO - Searching for files in /opt/airflow/dags
[2026-03-10T06:37:51.323+0000] {manager.py:835} INFO - There are 0 files in /opt/airflow/dags
[2026-03-10T06:42:52.068+0000] {manager.py:832} INFO - Searching for files in /opt/airflow/dags
[2026-03-10T06:42:52.069+0000] {manager.py:835} INFO - There are 0 files in /opt/airflow/dags
[2026-03-10T06:47:52.629+0000] {manager.py:832} INFO - Searching for files in /opt/airflow/dags
[2026-03-10T06:47:52.631+0000] {manager.py:835} INFO - There are 0 files in /opt/airflow/dags
[2026-03-10T06:52:53.172+0000] {manager.py:832} INFO - Searching for files in /opt/airflow/dags
[2026-03-10T06:52:53.173+0000] {manager.py:835} INFO - There are 0 files in /opt/airflow/dags
[2026-03-10T06:57:53.846+0000] {manager.py:832} INFO - Searching for files in /opt/airflow/dags
[2026-03-10T06:57:53.847+0000] {manager.py:835} INFO - There are 0 files in /opt/airflow/dags
[2026-03-10T07:02:54.542+0000] {manager.py:832} INFO - Searching for files in /opt/airflow/dags
[2026-03-10T07:02:54.544+0000] {manager.py:835} INFO - There are 0 files in /opt/airflow/dags
[2026-03-10T07:07:55.356+0000] {manager.py:832} INFO - Searching for files in /opt/airflow/dags
[2026-03-10T07:07:55.357+0000] {manager.py:835} INFO - There are 0 files in /opt/airflow/dags
[2026-03-10T07:12:56.178+0000] {manager.py:832} INFO - Searching for files in /opt/airflow/dags
[2026-03-10T07:12:56.179+0000] {manager.py:835} INFO - There are 0 files in /opt/airflow/dags
[2026-03-10T07:17:56.915+0000] {manager.py:832} INFO - Searching for files in /opt/airflow/dags
[2026-03-10T07:17:56.916+0000] {manager.py:835} INFO - There are 0 files in /opt/airflow/dags
[2026-03-10T07:22:57.705+0000] {manager.py:832} INFO - Searching for files in /opt/airflow/dags
[2026-03-10T07:22:57.706+0000] {manager.py:835} INFO - There are 0 files in /opt/airflow/dags
[2026-03-10T07:27:58.380+0000] {manager.py:832} INFO - Searching for files in /opt/airflow/dags
[2026-03-10T07:27:58.381+0000] {manager.py:835} INFO - There are 0 files in /opt/airflow/dags
[2026-03-10T07:32:59.098+0000] {manager.py:832} INFO - Searching for files in /opt/airflow/dags
[2026-03-10T07:32:59.100+0000] {manager.py:835} INFO - There are 0 files in /opt/airflow/dags
[2026-03-10T07:37:59.836+0000] {manager.py:832} INFO - Searching for files in /opt/airflow/dags
[2026-03-10T07:37:59.838+0000] {manager.py:835} INFO - There are 0 files in /opt/airflow/dags
[2026-03-10T07:43:00.621+0000] {manager.py:832} INFO - Searching for files in /opt/airflow/dags
[2026-03-10T07:43:00.621+0000] {manager.py:835} INFO - There are 0 files in /opt/airflow/dags
[2026-03-10T07:48:01.469+0000] {manager.py:832} INFO - Searching for files in /opt/airflow/dags
[2026-03-10T07:48:01.470+0000] {manager.py:835} INFO - There are 0 files in /opt/airflow/dags
[2026-03-10T07:53:02.293+0000] {manager.py:832} INFO - Searching for files in /opt/airflow/dags
[2026-03-10T07:53:02.295+0000] {manager.py:835} INFO - There are 0 files in /opt/airflow/dags
[2026-03-10T07:58:02.965+0000] {manager.py:832} INFO - Searching for files in /opt/airflow/dags
[2026-03-10T07:58:02.966+0000] {manager.py:835} INFO - There are 0 files in /opt/airflow/dags
[2026-03-10T08:03:03.615+0000] {manager.py:832} INFO - Searching for files in /opt/airflow/dags
[2026-03-10T08:03:03.616+0000] {manager.py:835} INFO - There are 0 files in /opt/airflow/dags
[2026-03-10T08:08:04.211+0000] {manager.py:832} INFO - Searching for files in /opt/airflow/dags
[2026-03-10T08:08:04.213+0000] {manager.py:835} INFO - There are 0 files in /opt/airflow/dags
[2026-03-10T08:13:04.991+0000] {manager.py:832} INFO - Searching for files in /opt/airflow/dags
[2026-03-10T08:13:04.993+0000] {manager.py:835} INFO - There are 0 files in /opt/airflow/dags
[2026-03-10T08:18:05.602+0000] {manager.py:832} INFO - Searching for files in /opt/airflow/dags
[2026-03-10T08:18:05.603+0000] {manager.py:835} INFO - There are 0 files in /opt/airflow/dags
[2026-03-10T08:23:06.360+0000] {manager.py:832} INFO - Searching for files in /opt/airflow/dags
[2026-03-10T08:23:06.362+0000] {manager.py:835} INFO - There are 0 files in /opt/airflow/dags
[2026-03-10T08:28:07.108+0000] {manager.py:832} INFO - Searching for files in /opt/airflow/dags
[2026-03-10T08:28:07.109+0000] {manager.py:835} INFO - There are 0 files in /opt/airflow/dags
[2026-03-10T08:33:07.864+0000] {manager.py:832} INFO - Searching for files in /opt/airflow/dags
[2026-03-10T08:33:07.865+0000] {manager.py:835} INFO - There are 0 files in /opt/airflow/dags
[2026-03-10T08:38:08.547+0000] {manager.py:832} INFO - Searching for files in /opt/airflow/dags
[2026-03-10T08:38:08.547+0000] {manager.py:835} INFO - There are 0 files in /opt/airflow/dags
[2026-03-10T08:43:09.245+0000] {manager.py:832} INFO - Searching for files in /opt/airflow/dags
[2026-03-10T08:43:09.248+0000] {manager.py:835} INFO - There are 0 files in /opt/airflow/dags
[2026-03-10T08:48:09.938+0000] {manager.py:832} INFO - Searching for files in /opt/airflow/dags
[2026-03-10T08:48:09.939+0000] {manager.py:835} INFO - There are 0 files in /opt/airflow/dags
[2026-03-10T08:53:10.612+0000] {manager.py:832} INFO - Searching for files in /opt/airflow/dags
[2026-03-10T08:53:10.614+0000] {manager.py:835} INFO - There are 0 files in /opt/airflow/dags
[2026-03-10T08:58:11.350+0000] {manager.py:832} INFO - Searching for files in /opt/airflow/dags
[2026-03-10T08:58:11.352+0000] {manager.py:835} INFO - There are 0 files in /opt/airflow/dags
[2026-03-10T09:03:12.148+0000] {manager.py:832} INFO - Searching for files in /opt/airflow/dags
[2026-03-10T09:03:12.150+0000] {manager.py:835} INFO - There are 0 files in /opt/airflow/dags
[2026-03-10T09:08:12.702+0000] {manager.py:832} INFO - Searching for files in /opt/airflow/dags
[2026-03-10T09:08:12.704+0000] {manager.py:835} INFO - There are 0 files in /opt/airflow/dags
[2026-03-10T09:13:13.438+0000] {manager.py:832} INFO - Searching for files in /opt/airflow/dags
[2026-03-10T09:13:13.439+0000] {manager.py:835} INFO - There are 0 files in /opt/airflow/dags
[2026-03-10T09:18:14.234+0000] {manager.py:832} INFO - Searching for files in /opt/airflow/dags
[2026-03-10T09:18:14.236+0000] {manager.py:835} INFO - There are 0 files in /opt/airflow/dags
[2026-03-10T09:23:14.723+0000] {manager.py:832} INFO - Searching for files in /opt/airflow/dags
[2026-03-10T09:23:14.724+0000] {manager.py:835} INFO - There are 0 files in /opt/airflow/dags
[2026-03-10T09:28:15.193+0000] {manager.py:832} INFO - Searching for files in /opt/airflow/dags
[2026-03-10T09:28:15.194+0000] {manager.py:835} INFO - There are 0 files in /opt/airflow/dags
[2026-03-10T09:33:15.644+0000] {manager.py:832} INFO - Searching for files in /opt/airflow/dags
[2026-03-10T09:33:15.644+0000] {manager.py:835} INFO - There are 0 files in /opt/airflow/dags
[2026-03-10T09:38:16.028+0000] {manager.py:832} INFO - Searching for files in /opt/airflow/dags
[2026-03-10T09:38:16.029+0000] {manager.py:835} INFO - There are 0 files in /opt/airflow/dags
[2026-03-10T09:43:16.423+0000] {manager.py:832} INFO - Searching for files in /opt/airflow/dags
[2026-03-10T09:43:16.424+0000] {manager.py:835} INFO - There are 0 files in /opt/airflow/dags
[2026-03-10T09:48:16.851+0000] {manager.py:832} INFO - Searching for files in /opt/airflow/dags
[2026-03-10T09:48:16.852+0000] {manager.py:835} INFO - There are 0 files in /opt/airflow/dags
[2026-03-10T09:53:17.204+0000] {manager.py:832} INFO - Searching for files in /opt/airflow/dags
[2026-03-10T09:53:17.205+0000] {manager.py:835} INFO - There are 0 files in /opt/airflow/dags
[2026-03-10T09:58:17.583+0000] {manager.py:832} INFO - Searching for files in /opt/airflow/dags
[2026-03-10T09:58:17.583+0000] {manager.py:835} INFO - There are 0 files in /opt/airflow/dags
[2026-03-10T10:03:17.965+0000] {manager.py:832} INFO - Searching for files in /opt/airflow/dags
[2026-03-10T10:03:17.966+0000] {manager.py:835} INFO - There are 0 files in /opt/airflow/dags
[2026-03-10T10:08:18.347+0000] {manager.py:832} INFO - Searching for files in /opt/airflow/dags
[2026-03-10T10:08:18.348+0000] {manager.py:835} INFO - There are 0 files in /opt/airflow/dags
[2026-03-10T10:13:18.733+0000] {manager.py:832} INFO - Searching for files in /opt/airflow/dags
[2026-03-10T10:13:18.734+0000] {manager.py:835} INFO - There are 0 files in /opt/airflow/dags
[2026-03-10T10:18:19.134+0000] {manager.py:832} INFO - Searching for files in /opt/airflow/dags
[2026-03-10T10:18:19.135+0000] {manager.py:835} INFO - There are 0 files in /opt/airflow/dags
[2026-03-10T10:23:19.800+0000] {manager.py:832} INFO - Searching for files in /opt/airflow/dags
[2026-03-10T10:23:19.801+0000] {manager.py:835} INFO - There are 0 files in /opt/airflow/dags
[2026-03-10T10:28:20.525+0000] {manager.py:832} INFO - Searching for files in /opt/airflow/dags
[2026-03-10T10:28:20.526+0000] {manager.py:835} INFO - There are 0 files in /opt/airflow/dags
[2026-03-10T10:33:21.192+0000] {manager.py:832} INFO - Searching for files in /opt/airflow/dags
[2026-03-10T10:33:21.194+0000] {manager.py:835} INFO - There are 0 files in /opt/airflow/dags
[2026-03-10T10:38:21.907+0000] {manager.py:832} INFO - Searching for files in /opt/airflow/dags
[2026-03-10T10:38:21.909+0000] {manager.py:835} INFO - There are 0 files in /opt/airflow/dags
[2026-03-10T10:43:22.481+0000] {manager.py:832} INFO - Searching for files in /opt/airflow/dags
[2026-03-10T10:43:22.482+0000] {manager.py:835} INFO - There are 0 files in /opt/airflow/dags
[2026-03-10T10:48:23.277+0000] {manager.py:832} INFO - Searching for files in /opt/airflow/dags
[2026-03-10T10:48:23.278+0000] {manager.py:835} INFO - There are 0 files in /opt/airflow/dags
[2026-03-10T10:53:23.761+0000] {manager.py:832} INFO - Searching for files in /opt/airflow/dags
[2026-03-10T10:53:23.762+0000] {manager.py:835} INFO - There are 0 files in /opt/airflow/dags
[2026-03-10T10:58:24.150+0000] {manager.py:832} INFO - Searching for files in /opt/airflow/dags
[2026-03-10T10:58:24.150+0000] {manager.py:835} INFO - There are 0 files in /opt/airflow/dags
[2026-03-10T11:03:24.517+0000] {manager.py:832} INFO - Searching for files in /opt/airflow/dags
[2026-03-10T11:03:24.518+0000] {manager.py:835} INFO - There are 0 files in /opt/airflow/dags
[2026-03-10T11:08:24.905+0000] {manager.py:832} INFO - Searching for files in /opt/airflow/dags
[2026-03-10T11:08:24.906+0000] {manager.py:835} INFO - There are 0 files in /opt/airflow/dags
[2026-03-10T11:13:25.300+0000] {manager.py:832} INFO - Searching for files in /opt/airflow/dags
[2026-03-10T11:13:25.300+0000] {manager.py:835} INFO - There are 0 files in /opt/airflow/dags
[2026-03-10T11:18:25.726+0000] {manager.py:832} INFO - Searching for files in /opt/airflow/dags
[2026-03-10T11:18:25.727+0000] {manager.py:835} INFO - There are 0 files in /opt/airflow/dags
[2026-03-10T11:23:26.100+0000] {manager.py:832} INFO - Searching for files in /opt/airflow/dags
[2026-03-10T11:23:26.102+0000] {manager.py:835} INFO - There are 0 files in /opt/airflow/dags
[2026-03-10T11:28:26.488+0000] {manager.py:832} INFO - Searching for files in /opt/airflow/dags
[2026-03-10T11:28:26.489+0000] {manager.py:835} INFO - There are 0 files in /opt/airflow/dags
[2026-03-10T11:33:26.860+0000] {manager.py:832} INFO - Searching for files in /opt/airflow/dags
[2026-03-10T11:33:26.860+0000] {manager.py:835} INFO - There are 0 files in /opt/airflow/dags
[2026-03-10T11:38:27.373+0000] {manager.py:832} INFO - Searching for files in /opt/airflow/dags
[2026-03-10T11:38:27.374+0000] {manager.py:835} INFO - There are 0 files in /opt/airflow/dags
[2026-03-10T11:43:27.890+0000] {manager.py:832} INFO - Searching for files in /opt/airflow/dags
[2026-03-10T11:43:27.891+0000] {manager.py:835} INFO - There are 0 files in /opt/airflow/dags
[2026-03-10T11:48:28.282+0000] {manager.py:832} INFO - Searching for files in /opt/airflow/dags
[2026-03-10T11:48:28.283+0000] {manager.py:835} INFO - There are 0 files in /opt/airflow/dags
[2026-03-10T11:53:28.708+0000] {manager.py:832} INFO - Searching for files in /opt/airflow/dags
[2026-03-10T11:53:28.709+0000] {manager.py:835} INFO - There are 0 files in /opt/airflow/dags
[2026-03-10T11:58:29.046+0000] {manager.py:832} INFO - Searching for files in /opt/airflow/dags
[2026-03-10T11:58:29.046+0000] {manager.py:835} INFO - There are 0 files in /opt/airflow/dags
[2026-03-10T12:03:29.451+0000] {manager.py:832} INFO - Searching for files in /opt/airflow/dags
[2026-03-10T12:03:29.452+0000] {manager.py:835} INFO - There are 0 files in /opt/airflow/dags
[2026-03-10T12:08:29.848+0000] {manager.py:832} INFO - Searching for files in /opt/airflow/dags
[2026-03-10T12:08:29.848+0000] {manager.py:835} INFO - There are 0 files in /opt/airflow/dags
[2026-03-10T12:13:30.230+0000] {manager.py:832} INFO - Searching for files in /opt/airflow/dags
[2026-03-10T12:13:30.231+0000] {manager.py:835} INFO - There are 0 files in /opt/airflow/dags
[2026-03-10T12:18:30.585+0000] {manager.py:832} INFO - Searching for files in /opt/airflow/dags
[2026-03-10T12:18:30.585+0000] {manager.py:835} INFO - There are 0 files in /opt/airflow/dags
[2026-03-10T12:23:30.965+0000] {manager.py:832} INFO - Searching for files in /opt/airflow/dags
[2026-03-10T12:23:30.965+0000] {manager.py:835} INFO - There are 0 files in /opt/airflow/dags
[2026-03-10T12:28:31.353+0000] {manager.py:832} INFO - Searching for files in /opt/airflow/dags
[2026-03-10T12:28:31.354+0000] {manager.py:835} INFO - There are 0 files in /opt/airflow/dags
[2026-03-10T12:33:31.733+0000] {manager.py:832} INFO - Searching for files in /opt/airflow/dags
[2026-03-10T12:33:31.733+0000] {manager.py:835} INFO - There are 0 files in /opt/airflow/dags
[2026-03-10T12:38:32.325+0000] {manager.py:832} INFO - Searching for files in /opt/airflow/dags
[2026-03-10T12:38:32.326+0000] {manager.py:835} INFO - There are 0 files in /opt/airflow/dags
[2026-03-10T12:43:33.138+0000] {manager.py:832} INFO - Searching for files in /opt/airflow/dags
[2026-03-10T12:43:33.139+0000] {manager.py:835} INFO - There are 0 files in /opt/airflow/dags
[2026-03-10T12:48:33.987+0000] {manager.py:832} INFO - Searching for files in /opt/airflow/dags
[2026-03-10T12:48:33.988+0000] {manager.py:835} INFO - There are 0 files in /opt/airflow/dags
[2026-03-10T12:53:34.828+0000] {manager.py:832} INFO - Searching for files in /opt/airflow/dags
[2026-03-10T12:53:34.829+0000] {manager.py:835} INFO - There are 0 files in /opt/airflow/dags
[2026-03-10T12:58:35.679+0000] {manager.py:832} INFO - Searching for files in /opt/airflow/dags
[2026-03-10T12:58:35.680+0000] {manager.py:835} INFO - There are 0 files in /opt/airflow/dags
[2026-03-10T13:03:36.508+0000] {manager.py:832} INFO - Searching for files in /opt/airflow/dags
[2026-03-10T13:03:36.509+0000] {manager.py:835} INFO - There are 0 files in /opt/airflow/dags
[2026-03-10T13:08:37.340+0000] {manager.py:832} INFO - Searching for files in /opt/airflow/dags
[2026-03-10T13:08:37.342+0000] {manager.py:835} INFO - There are 0 files in /opt/airflow/dags
[2026-03-10T13:13:38.136+0000] {manager.py:832} INFO - Searching for files in /opt/airflow/dags
[2026-03-10T13:13:38.137+0000] {manager.py:835} INFO - There are 0 files in /opt/airflow/dags
[2026-03-10T13:18:38.980+0000] {manager.py:832} INFO - Searching for files in /opt/airflow/dags
[2026-03-10T13:18:38.982+0000] {manager.py:835} INFO - There are 0 files in /opt/airflow/dags
[2026-03-10T13:23:39.715+0000] {manager.py:832} INFO - Searching for files in /opt/airflow/dags
[2026-03-10T13:23:39.716+0000] {manager.py:835} INFO - There are 0 files in /opt/airflow/dags
[2026-03-10T13:28:40.496+0000] {manager.py:832} INFO - Searching for files in /opt/airflow/dags
[2026-03-10T13:28:40.497+0000] {manager.py:835} INFO - There are 0 files in /opt/airflow/dags
[2026-03-10T13:33:41.127+0000] {manager.py:832} INFO - Searching for files in /opt/airflow/dags
[2026-03-10T13:33:41.129+0000] {manager.py:835} INFO - There are 0 files in /opt/airflow/dags
[2026-03-10T13:38:41.786+0000] {manager.py:832} INFO - Searching for files in /opt/airflow/dags
[2026-03-10T13:38:41.787+0000] {manager.py:835} INFO - There are 0 files in /opt/airflow/dags
[2026-03-10T13:43:42.507+0000] {manager.py:832} INFO - Searching for files in /opt/airflow/dags
[2026-03-10T13:43:42.508+0000] {manager.py:835} INFO - There are 0 files in /opt/airflow/dags
[2026-03-10T13:48:43.136+0000] {manager.py:832} INFO - Searching for files in /opt/airflow/dags
[2026-03-10T13:48:43.137+0000] {manager.py:835} INFO - There are 0 files in /opt/airflow/dags
[2026-03-10T13:53:43.858+0000] {manager.py:832} INFO - Searching for files in /opt/airflow/dags
[2026-03-10T13:53:43.858+0000] {manager.py:835} INFO - There are 0 files in /opt/airflow/dags
[2026-03-10T13:58:44.474+0000] {manager.py:832} INFO - Searching for files in /opt/airflow/dags
[2026-03-10T13:58:44.475+0000] {manager.py:835} INFO - There are 0 files in /opt/airflow/dags
[2026-03-10T14:03:45.130+0000] {manager.py:832} INFO - Searching for files in /opt/airflow/dags
[2026-03-10T14:03:45.132+0000] {manager.py:835} INFO - There are 0 files in /opt/airflow/dags
[2026-03-10T14:08:45.789+0000] {manager.py:832} INFO - Searching for files in /opt/airflow/dags
[2026-03-10T14:08:45.790+0000] {manager.py:835} INFO - There are 0 files in /opt/airflow/dags
[2026-03-10T14:13:46.474+0000] {manager.py:832} INFO - Searching for files in /opt/airflow/dags
[2026-03-10T14:13:46.475+0000] {manager.py:835} INFO - There are 0 files in /opt/airflow/dags
[2026-03-10T14:18:47.204+0000] {manager.py:832} INFO - Searching for files in /opt/airflow/dags
[2026-03-10T14:18:47.205+0000] {manager.py:835} INFO - There are 0 files in /opt/airflow/dags
[2026-03-10T14:23:48.009+0000] {manager.py:832} INFO - Searching for files in /opt/airflow/dags
[2026-03-10T14:23:48.010+0000] {manager.py:835} INFO - There are 0 files in /opt/airflow/dags
[2026-03-10T14:28:48.661+0000] {manager.py:832} INFO - Searching for files in /opt/airflow/dags
[2026-03-10T14:28:48.662+0000] {manager.py:835} INFO - There are 0 files in /opt/airflow/dags
[2026-03-10T14:33:49.209+0000] {manager.py:832} INFO - Searching for files in /opt/airflow/dags
[2026-03-10T14:33:49.210+0000] {manager.py:835} INFO - There are 0 files in /opt/airflow/dags
[2026-03-10T14:38:49.768+0000] {manager.py:832} INFO - Searching for files in /opt/airflow/dags
[2026-03-10T14:38:49.768+0000] {manager.py:835} INFO - There are 0 files in /opt/airflow/dags
[2026-03-10T14:43:50.372+0000] {manager.py:832} INFO - Searching for files in /opt/airflow/dags
[2026-03-10T14:43:50.373+0000] {manager.py:835} INFO - There are 0 files in /opt/airflow/dags
[2026-03-10T14:48:51.074+0000] {manager.py:832} INFO - Searching for files in /opt/airflow/dags
[2026-03-10T14:48:51.076+0000] {manager.py:835} INFO - There are 0 files in /opt/airflow/dags
[2026-03-10T14:53:51.664+0000] {manager.py:832} INFO - Searching for files in /opt/airflow/dags
[2026-03-10T14:53:51.664+0000] {manager.py:835} INFO - There are 0 files in /opt/airflow/dags
[2026-03-10T14:58:52.381+0000] {manager.py:832} INFO - Searching for files in /opt/airflow/dags
[2026-03-10T14:58:52.382+0000] {manager.py:835} INFO - There are 0 files in /opt/airflow/dags
[2026-03-10T15:03:53.067+0000] {manager.py:832} INFO - Searching for files in /opt/airflow/dags
[2026-03-10T15:03:53.069+0000] {manager.py:835} INFO - There are 0 files in /opt/airflow/dags
[2026-03-10T15:08:53.911+0000] {manager.py:832} INFO - Searching for files in /opt/airflow/dags
[2026-03-10T15:08:53.912+0000] {manager.py:835} INFO - There are 0 files in /opt/airflow/dags
[2026-03-10T15:13:54.630+0000] {manager.py:832} INFO - Searching for files in /opt/airflow/dags
[2026-03-10T15:13:54.631+0000] {manager.py:835} INFO - There are 0 files in /opt/airflow/dags
[2026-03-11T00:52:31.224+0000] {manager.py:832} INFO - Searching for files in /opt/airflow/dags
[2026-03-11T00:52:31.225+0000] {manager.py:835} INFO - There are 0 files in /opt/airflow/dags
[2026-03-11T00:57:31.991+0000] {manager.py:832} INFO - Searching for files in /opt/airflow/dags
[2026-03-11T00:57:31.992+0000] {manager.py:835} INFO - There are 0 files in /opt/airflow/dags
[2026-03-11T01:02:32.836+0000] {manager.py:832} INFO - Searching for files in /opt/airflow/dags
[2026-03-11T01:02:32.837+0000] {manager.py:835} INFO - There are 0 files in /opt/airflow/dags
[2026-03-11T01:07:33.656+0000] {manager.py:832} INFO - Searching for files in /opt/airflow/dags
[2026-03-11T01:07:33.658+0000] {manager.py:835} INFO - There are 0 files in /opt/airflow/dags
[2026-03-11T01:12:34.497+0000] {manager.py:832} INFO - Searching for files in /opt/airflow/dags
[2026-03-11T01:12:34.498+0000] {manager.py:835} INFO - There are 0 files in /opt/airflow/dags
[2026-03-11T01:17:35.231+0000] {manager.py:832} INFO - Searching for files in /opt/airflow/dags
[2026-03-11T01:17:35.233+0000] {manager.py:835} INFO - There are 0 files in /opt/airflow/dags
[2026-03-11T01:22:35.785+0000] {manager.py:832} INFO - Searching for files in /opt/airflow/dags
[2026-03-11T01:22:35.786+0000] {manager.py:835} INFO - There are 0 files in /opt/airflow/dags
[2026-03-11T01:27:36.614+0000] {manager.py:832} INFO - Searching for files in /opt/airflow/dags
[2026-03-11T01:27:36.615+0000] {manager.py:835} INFO - There are 0 files in /opt/airflow/dags
[2026-03-11T01:32:37.451+0000] {manager.py:832} INFO - Searching for files in /opt/airflow/dags
[2026-03-11T01:32:37.453+0000] {manager.py:835} INFO - There are 0 files in /opt/airflow/dags
[2026-03-11T01:37:38.169+0000] {manager.py:832} INFO - Searching for files in /opt/airflow/dags
[2026-03-11T01:37:38.170+0000] {manager.py:835} INFO - There are 0 files in /opt/airflow/dags
[2026-03-11T01:42:38.983+0000] {manager.py:832} INFO - Searching for files in /opt/airflow/dags
[2026-03-11T01:42:38.985+0000] {manager.py:835} INFO - There are 0 files in /opt/airflow/dags
[2026-03-11T01:47:39.754+0000] {manager.py:832} INFO - Searching for files in /opt/airflow/dags
[2026-03-11T01:47:39.755+0000] {manager.py:835} INFO - There are 0 files in /opt/airflow/dags
[2026-03-11T01:52:40.400+0000] {manager.py:832} INFO - Searching for files in /opt/airflow/dags
[2026-03-11T01:52:40.401+0000] {manager.py:835} INFO - There are 0 files in /opt/airflow/dags
[2026-03-11T01:57:41.224+0000] {manager.py:832} INFO - Searching for files in /opt/airflow/dags
[2026-03-11T01:57:41.225+0000] {manager.py:835} INFO - There are 0 files in /opt/airflow/dags
[2026-03-11T02:02:41.950+0000] {manager.py:832} INFO - Searching for files in /opt/airflow/dags
[2026-03-11T02:02:41.951+0000] {manager.py:835} INFO - There are 0 files in /opt/airflow/dags
[2026-03-11T02:07:42.702+0000] {manager.py:832} INFO - Searching for files in /opt/airflow/dags
[2026-03-11T02:07:42.703+0000] {manager.py:835} INFO - There are 0 files in /opt/airflow/dags
[2026-03-11T02:12:43.335+0000] {manager.py:832} INFO - Searching for files in /opt/airflow/dags
[2026-03-11T02:12:43.336+0000] {manager.py:835} INFO - There are 0 files in /opt/airflow/dags
[2026-03-11T02:17:44.037+0000] {manager.py:832} INFO - Searching for files in /opt/airflow/dags
[2026-03-11T02:17:44.038+0000] {manager.py:835} INFO - There are 0 files in /opt/airflow/dags
[2026-03-11T02:22:44.818+0000] {manager.py:832} INFO - Searching for files in /opt/airflow/dags
[2026-03-11T02:22:44.819+0000] {manager.py:835} INFO - There are 0 files in /opt/airflow/dags
[2026-03-11T02:27:45.172+0000] {manager.py:832} INFO - Searching for files in /opt/airflow/dags
[2026-03-11T02:27:45.172+0000] {manager.py:835} INFO - There are 0 files in /opt/airflow/dags
[2026-03-11T02:32:45.602+0000] {manager.py:832} INFO - Searching for files in /opt/airflow/dags
[2026-03-11T02:32:45.602+0000] {manager.py:835} INFO - There are 0 files in /opt/airflow/dags
[2026-03-11T02:37:46.073+0000] {manager.py:832} INFO - Searching for files in /opt/airflow/dags
[2026-03-11T02:37:46.074+0000] {manager.py:835} INFO - There are 0 files in /opt/airflow/dags
[2026-03-11T02:42:46.576+0000] {manager.py:832} INFO - Searching for files in /opt/airflow/dags
[2026-03-11T02:42:46.577+0000] {manager.py:835} INFO - There are 0 files in /opt/airflow/dags
[2026-03-11T02:47:46.999+0000] {manager.py:832} INFO - Searching for files in /opt/airflow/dags
[2026-03-11T02:47:47.000+0000] {manager.py:835} INFO - There are 0 files in /opt/airflow/dags
[2026-03-11T02:52:47.387+0000] {manager.py:832} INFO - Searching for files in /opt/airflow/dags
[2026-03-11T02:52:47.388+0000] {manager.py:835} INFO - There are 0 files in /opt/airflow/dags
[2026-03-11T02:57:47.761+0000] {manager.py:832} INFO - Searching for files in /opt/airflow/dags
[2026-03-11T02:57:47.762+0000] {manager.py:835} INFO - There are 0 files in /opt/airflow/dags
[2026-03-11T03:02:48.147+0000] {manager.py:832} INFO - Searching for files in /opt/airflow/dags
[2026-03-11T03:02:48.148+0000] {manager.py:835} INFO - There are 0 files in /opt/airflow/dags
[2026-03-11T03:07:48.503+0000] {manager.py:832} INFO - Searching for files in /opt/airflow/dags
[2026-03-11T03:07:48.503+0000] {manager.py:835} INFO - There are 0 files in /opt/airflow/dags
[2026-03-11T03:12:48.906+0000] {manager.py:832} INFO - Searching for files in /opt/airflow/dags
[2026-03-11T03:12:48.908+0000] {manager.py:835} INFO - There are 0 files in /opt/airflow/dags
[2026-03-11T03:17:49.299+0000] {manager.py:832} INFO - Searching for files in /opt/airflow/dags
[2026-03-11T03:17:49.300+0000] {manager.py:835} INFO - There are 0 files in /opt/airflow/dags
[2026-03-11T03:22:49.678+0000] {manager.py:832} INFO - Searching for files in /opt/airflow/dags
[2026-03-11T03:22:49.678+0000] {manager.py:835} INFO - There are 0 files in /opt/airflow/dags
[2026-03-11T03:27:50.079+0000] {manager.py:832} INFO - Searching for files in /opt/airflow/dags
[2026-03-11T03:27:50.079+0000] {manager.py:835} INFO - There are 0 files in /opt/airflow/dags
[2026-03-11T03:32:50.450+0000] {manager.py:832} INFO - Searching for files in /opt/airflow/dags
[2026-03-11T03:32:50.451+0000] {manager.py:835} INFO - There are 0 files in /opt/airflow/dags
[2026-03-11T03:37:51.266+0000] {manager.py:832} INFO - Searching for files in /opt/airflow/dags
[2026-03-11T03:37:51.268+0000] {manager.py:835} INFO - There are 0 files in /opt/airflow/dags
[2026-03-11T03:42:52.103+0000] {manager.py:832} INFO - Searching for files in /opt/airflow/dags
[2026-03-11T03:42:52.105+0000] {manager.py:835} INFO - There are 0 files in /opt/airflow/dags
[2026-03-11T03:47:52.806+0000] {manager.py:832} INFO - Searching for files in /opt/airflow/dags
[2026-03-11T03:47:52.807+0000] {manager.py:835} INFO - There are 0 files in /opt/airflow/dags
[2026-03-11T03:52:53.655+0000] {manager.py:832} INFO - Searching for files in /opt/airflow/dags
[2026-03-11T03:52:53.656+0000] {manager.py:835} INFO - There are 0 files in /opt/airflow/dags
[2026-03-11T03:57:54.504+0000] {manager.py:832} INFO - Searching for files in /opt/airflow/dags
[2026-03-11T03:57:54.505+0000] {manager.py:835} INFO - There are 0 files in /opt/airflow/dags
[2026-03-11T04:02:55.360+0000] {manager.py:832} INFO - Searching for files in /opt/airflow/dags
[2026-03-11T04:02:55.361+0000] {manager.py:835} INFO - There are 0 files in /opt/airflow/dags
[2026-03-11T04:07:56.217+0000] {manager.py:832} INFO - Searching for files in /opt/airflow/dags
[2026-03-11T04:07:56.218+0000] {manager.py:835} INFO - There are 0 files in /opt/airflow/dags
[2026-03-11T04:12:57.047+0000] {manager.py:832} INFO - Searching for files in /opt/airflow/dags
[2026-03-11T04:12:57.048+0000] {manager.py:835} INFO - There are 0 files in /opt/airflow/dags
[2026-03-11T04:17:57.837+0000] {manager.py:832} INFO - Searching for files in /opt/airflow/dags
[2026-03-11T04:17:57.838+0000] {manager.py:835} INFO - There are 0 files in /opt/airflow/dags
[2026-03-11T04:22:58.514+0000] {manager.py:832} INFO - Searching for files in /opt/airflow/dags
[2026-03-11T04:22:58.516+0000] {manager.py:835} INFO - There are 0 files in /opt/airflow/dags
[2026-03-11T04:27:59.116+0000] {manager.py:832} INFO - Searching for files in /opt/airflow/dags
[2026-03-11T04:27:59.117+0000] {manager.py:835} INFO - There are 0 files in /opt/airflow/dags
[2026-03-11T04:32:59.878+0000] {manager.py:832} INFO - Searching for files in /opt/airflow/dags
[2026-03-11T04:32:59.879+0000] {manager.py:835} INFO - There are 0 files in /opt/airflow/dags
[2026-03-11T04:38:00.553+0000] {manager.py:832} INFO - Searching for files in /opt/airflow/dags
[2026-03-11T04:38:00.554+0000] {manager.py:835} INFO - There are 0 files in /opt/airflow/dags
[2026-03-11T04:43:01.262+0000] {manager.py:832} INFO - Searching for files in /opt/airflow/dags
[2026-03-11T04:43:01.263+0000] {manager.py:835} INFO - There are 0 files in /opt/airflow/dags
[2026-03-11T04:48:02.003+0000] {manager.py:832} INFO - Searching for files in /opt/airflow/dags
[2026-03-11T04:48:02.005+0000] {manager.py:835} INFO - There are 0 files in /opt/airflow/dags
[2026-03-11T04:53:02.649+0000] {manager.py:832} INFO - Searching for files in /opt/airflow/dags
[2026-03-11T04:53:02.650+0000] {manager.py:835} INFO - There are 0 files in /opt/airflow/dags
[2026-03-11T04:58:03.478+0000] {manager.py:832} INFO - Searching for files in /opt/airflow/dags
[2026-03-11T04:58:03.479+0000] {manager.py:835} INFO - There are 0 files in /opt/airflow/dags
[2026-03-11T05:03:04.243+0000] {manager.py:832} INFO - Searching for files in /opt/airflow/dags
[2026-03-11T05:03:04.244+0000] {manager.py:835} INFO - There are 0 files in /opt/airflow/dags
[2026-03-11T05:08:04.827+0000] {manager.py:832} INFO - Searching for files in /opt/airflow/dags
[2026-03-11T05:08:04.828+0000] {manager.py:835} INFO - There are 0 files in /opt/airflow/dags
[2026-03-11T05:13:05.634+0000] {manager.py:832} INFO - Searching for files in /opt/airflow/dags
[2026-03-11T05:13:05.635+0000] {manager.py:835} INFO - There are 0 files in /opt/airflow/dags
[2026-03-11T05:18:06.304+0000] {manager.py:832} INFO - Searching for files in /opt/airflow/dags
[2026-03-11T05:18:06.305+0000] {manager.py:835} INFO - There are 0 files in /opt/airflow/dags
[2026-03-11T05:23:06.828+0000] {manager.py:832} INFO - Searching for files in /opt/airflow/dags
[2026-03-11T05:23:06.829+0000] {manager.py:835} INFO - There are 0 files in /opt/airflow/dags
[2026-03-11T05:28:07.380+0000] {manager.py:832} INFO - Searching for files in /opt/airflow/dags
[2026-03-11T05:28:07.381+0000] {manager.py:835} INFO - There are 0 files in /opt/airflow/dags
[2026-03-11T05:33:08.114+0000] {manager.py:832} INFO - Searching for files in /opt/airflow/dags
[2026-03-11T05:33:08.115+0000] {manager.py:835} INFO - There are 0 files in /opt/airflow/dags
[2026-03-11T05:38:08.688+0000] {manager.py:832} INFO - Searching for files in /opt/airflow/dags
[2026-03-11T05:38:08.689+0000] {manager.py:835} INFO - There are 0 files in /opt/airflow/dags
[2026-03-11T05:43:09.416+0000] {manager.py:832} INFO - Searching for files in /opt/airflow/dags
[2026-03-11T05:43:09.419+0000] {manager.py:835} INFO - There are 0 files in /opt/airflow/dags
[2026-03-11T05:48:10.059+0000] {manager.py:832} INFO - Searching for files in /opt/airflow/dags
[2026-03-11T05:48:10.059+0000] {manager.py:835} INFO - There are 0 files in /opt/airflow/dags
[2026-03-11T05:53:10.560+0000] {manager.py:832} INFO - Searching for files in /opt/airflow/dags
[2026-03-11T05:53:10.561+0000] {manager.py:835} INFO - There are 0 files in /opt/airflow/dags
[2026-03-11T05:58:11.098+0000] {manager.py:832} INFO - Searching for files in /opt/airflow/dags
[2026-03-11T05:58:11.099+0000] {manager.py:835} INFO - There are 0 files in /opt/airflow/dags
[2026-03-11T06:03:11.807+0000] {manager.py:832} INFO - Searching for files in /opt/airflow/dags
[2026-03-11T06:03:11.807+0000] {manager.py:835} INFO - There are 0 files in /opt/airflow/dags
[2026-03-11T06:08:12.424+0000] {manager.py:832} INFO - Searching for files in /opt/airflow/dags
[2026-03-11T06:08:12.425+0000] {manager.py:835} INFO - There are 0 files in /opt/airflow/dags
[2026-03-11T06:13:13.088+0000] {manager.py:832} INFO - Searching for files in /opt/airflow/dags
[2026-03-11T06:13:13.090+0000] {manager.py:835} INFO - There are 0 files in /opt/airflow/dags
[2026-03-11T06:18:13.735+0000] {manager.py:832} INFO - Searching for files in /opt/airflow/dags
[2026-03-11T06:18:13.736+0000] {manager.py:835} INFO - There are 0 files in /opt/airflow/dags
[2026-03-11T06:23:14.410+0000] {manager.py:832} INFO - Searching for files in /opt/airflow/dags
[2026-03-11T06:23:14.411+0000] {manager.py:835} INFO - There are 0 files in /opt/airflow/dags
[2026-03-11T06:28:15.143+0000] {manager.py:832} INFO - Searching for files in /opt/airflow/dags
[2026-03-11T06:28:15.144+0000] {manager.py:835} INFO - There are 0 files in /opt/airflow/dags
[2026-03-11T06:33:15.783+0000] {manager.py:832} INFO - Searching for files in /opt/airflow/dags
[2026-03-11T06:33:15.783+0000] {manager.py:835} INFO - There are 0 files in /opt/airflow/dags
[2026-03-11T06:38:16.313+0000] {manager.py:832} INFO - Searching for files in /opt/airflow/dags
[2026-03-11T06:38:16.314+0000] {manager.py:835} INFO - There are 0 files in /opt/airflow/dags
[2026-03-11T06:43:17.082+0000] {manager.py:832} INFO - Searching for files in /opt/airflow/dags
[2026-03-11T06:43:17.083+0000] {manager.py:835} INFO - There are 0 files in /opt/airflow/dags
[2026-03-11T06:48:17.760+0000] {manager.py:832} INFO - Searching for files in /opt/airflow/dags
[2026-03-11T06:48:17.762+0000] {manager.py:835} INFO - There are 0 files in /opt/airflow/dags
[2026-03-11T06:53:18.365+0000] {manager.py:832} INFO - Searching for files in /opt/airflow/dags
[2026-03-11T06:53:18.366+0000] {manager.py:835} INFO - There are 0 files in /opt/airflow/dags
[2026-03-11T06:58:19.043+0000] {manager.py:832} INFO - Searching for files in /opt/airflow/dags
[2026-03-11T06:58:19.044+0000] {manager.py:835} INFO - There are 0 files in /opt/airflow/dags
[2026-03-11T07:03:19.719+0000] {manager.py:832} INFO - Searching for files in /opt/airflow/dags
[2026-03-11T07:03:19.720+0000] {manager.py:835} INFO - There are 0 files in /opt/airflow/dags
[2026-03-11T07:08:20.286+0000] {manager.py:832} INFO - Searching for files in /opt/airflow/dags
[2026-03-11T07:08:20.287+0000] {manager.py:835} INFO - There are 0 files in /opt/airflow/dags
[2026-03-11T07:13:20.844+0000] {manager.py:832} INFO - Searching for files in /opt/airflow/dags
[2026-03-11T07:13:20.845+0000] {manager.py:835} INFO - There are 0 files in /opt/airflow/dags
[2026-03-11T07:18:21.483+0000] {manager.py:832} INFO - Searching for files in /opt/airflow/dags
[2026-03-11T07:18:21.484+0000] {manager.py:835} INFO - There are 0 files in /opt/airflow/dags
[2026-03-11T07:23:22.142+0000] {manager.py:832} INFO - Searching for files in /opt/airflow/dags
[2026-03-11T07:23:22.143+0000] {manager.py:835} INFO - There are 0 files in /opt/airflow/dags
[2026-03-11T07:28:22.745+0000] {manager.py:832} INFO - Searching for files in /opt/airflow/dags
[2026-03-11T07:28:22.746+0000] {manager.py:835} INFO - There are 0 files in /opt/airflow/dags
[2026-03-11T07:33:23.476+0000] {manager.py:832} INFO - Searching for files in /opt/airflow/dags
[2026-03-11T07:33:23.478+0000] {manager.py:835} INFO - There are 0 files in /opt/airflow/dags
[2026-03-11T07:38:24.305+0000] {manager.py:832} INFO - Searching for files in /opt/airflow/dags
[2026-03-11T07:38:24.306+0000] {manager.py:835} INFO - There are 0 files in /opt/airflow/dags
[2026-03-11T07:43:25.051+0000] {manager.py:832} INFO - Searching for files in /opt/airflow/dags
[2026-03-11T07:43:25.052+0000] {manager.py:835} INFO - There are 0 files in /opt/airflow/dags
[2026-03-11T07:48:25.687+0000] {manager.py:832} INFO - Searching for files in /opt/airflow/dags
[2026-03-11T07:48:25.689+0000] {manager.py:835} INFO - There are 0 files in /opt/airflow/dags
[2026-03-11T07:53:26.373+0000] {manager.py:832} INFO - Searching for files in /opt/airflow/dags
[2026-03-11T07:53:26.374+0000] {manager.py:835} INFO - There are 0 files in /opt/airflow/dags
[2026-03-11T07:58:27.133+0000] {manager.py:832} INFO - Searching for files in /opt/airflow/dags
[2026-03-11T07:58:27.134+0000] {manager.py:835} INFO - There are 0 files in /opt/airflow/dags
[2026-03-11T08:03:27.754+0000] {manager.py:832} INFO - Searching for files in /opt/airflow/dags
[2026-03-11T08:03:27.755+0000] {manager.py:835} INFO - There are 0 files in /opt/airflow/dags
[2026-03-11T08:08:28.374+0000] {manager.py:832} INFO - Searching for files in /opt/airflow/dags
[2026-03-11T08:08:28.375+0000] {manager.py:835} INFO - There are 0 files in /opt/airflow/dags
[2026-03-11T08:13:28.991+0000] {manager.py:832} INFO - Searching for files in /opt/airflow/dags
[2026-03-11T08:13:28.992+0000] {manager.py:835} INFO - There are 0 files in /opt/airflow/dags
[2026-03-11T08:18:29.722+0000] {manager.py:832} INFO - Searching for files in /opt/airflow/dags
[2026-03-11T08:18:29.723+0000] {manager.py:835} INFO - There are 0 files in /opt/airflow/dags
[2026-03-11T08:23:30.425+0000] {manager.py:832} INFO - Searching for files in /opt/airflow/dags
[2026-03-11T08:23:30.426+0000] {manager.py:835} INFO - There are 0 files in /opt/airflow/dags
[2026-03-11T08:28:31.085+0000] {manager.py:832} INFO - Searching for files in /opt/airflow/dags
[2026-03-11T08:28:31.086+0000] {manager.py:835} INFO - There are 0 files in /opt/airflow/dags
[2026-03-11T08:33:31.715+0000] {manager.py:832} INFO - Searching for files in /opt/airflow/dags
[2026-03-11T08:33:31.716+0000] {manager.py:835} INFO - There are 0 files in /opt/airflow/dags
[2026-03-11T08:38:32.415+0000] {manager.py:832} INFO - Searching for files in /opt/airflow/dags
[2026-03-11T08:38:32.416+0000] {manager.py:835} INFO - There are 0 files in /opt/airflow/dags
[2026-03-11T08:43:33.120+0000] {manager.py:832} INFO - Searching for files in /opt/airflow/dags
[2026-03-11T08:43:33.122+0000] {manager.py:835} INFO - There are 0 files in /opt/airflow/dags
[2026-03-11T08:48:33.871+0000] {manager.py:832} INFO - Searching for files in /opt/airflow/dags
[2026-03-11T08:48:33.872+0000] {manager.py:835} INFO - There are 0 files in /opt/airflow/dags
[2026-03-11T08:53:34.673+0000] {manager.py:832} INFO - Searching for files in /opt/airflow/dags
[2026-03-11T08:53:34.674+0000] {manager.py:835} INFO - There are 0 files in /opt/airflow/dags
[2026-03-11T08:58:35.492+0000] {manager.py:832} INFO - Searching for files in /opt/airflow/dags
[2026-03-11T08:58:35.493+0000] {manager.py:835} INFO - There are 0 files in /opt/airflow/dags
[2026-03-11T09:03:36.333+0000] {manager.py:832} INFO - Searching for files in /opt/airflow/dags
[2026-03-11T09:03:36.334+0000] {manager.py:835} INFO - There are 0 files in /opt/airflow/dags
[2026-03-11T09:08:37.143+0000] {manager.py:832} INFO - Searching for files in /opt/airflow/dags
[2026-03-11T09:08:37.145+0000] {manager.py:835} INFO - There are 0 files in /opt/airflow/dags
[2026-03-11T09:13:37.945+0000] {manager.py:832} INFO - Searching for files in /opt/airflow/dags
[2026-03-11T09:13:37.947+0000] {manager.py:835} INFO - There are 0 files in /opt/airflow/dags
[2026-03-11T09:18:38.808+0000] {manager.py:832} INFO - Searching for files in /opt/airflow/dags
[2026-03-11T09:18:38.809+0000] {manager.py:835} INFO - There are 0 files in /opt/airflow/dags
[2026-03-11T09:23:39.647+0000] {manager.py:832} INFO - Searching for files in /opt/airflow/dags
[2026-03-11T09:23:39.648+0000] {manager.py:835} INFO - There are 0 files in /opt/airflow/dags
[2026-03-11T09:28:40.459+0000] {manager.py:832} INFO - Searching for files in /opt/airflow/dags
[2026-03-11T09:28:40.460+0000] {manager.py:835} INFO - There are 0 files in /opt/airflow/dags
[2026-03-11T09:33:41.283+0000] {manager.py:832} INFO - Searching for files in /opt/airflow/dags
[2026-03-11T09:33:41.285+0000] {manager.py:835} INFO - There are 0 files in /opt/airflow/dags
[2026-03-11T09:38:42.115+0000] {manager.py:832} INFO - Searching for files in /opt/airflow/dags
[2026-03-11T09:38:42.116+0000] {manager.py:835} INFO - There are 0 files in /opt/airflow/dags
[2026-03-11T09:43:42.944+0000] {manager.py:832} INFO - Searching for files in /opt/airflow/dags
[2026-03-11T09:43:42.945+0000] {manager.py:835} INFO - There are 0 files in /opt/airflow/dags
[2026-03-11T09:48:43.787+0000] {manager.py:832} INFO - Searching for files in /opt/airflow/dags
[2026-03-11T09:48:43.788+0000] {manager.py:835} INFO - There are 0 files in /opt/airflow/dags
[2026-03-11T09:53:44.623+0000] {manager.py:832} INFO - Searching for files in /opt/airflow/dags
[2026-03-11T09:53:44.624+0000] {manager.py:835} INFO - There are 0 files in /opt/airflow/dags
[2026-03-11T09:58:45.435+0000] {manager.py:832} INFO - Searching for files in /opt/airflow/dags
[2026-03-11T09:58:45.436+0000] {manager.py:835} INFO - There are 0 files in /opt/airflow/dags
[2026-03-11T10:03:46.240+0000] {manager.py:832} INFO - Searching for files in /opt/airflow/dags
[2026-03-11T10:03:46.242+0000] {manager.py:835} INFO - There are 0 files in /opt/airflow/dags
[2026-03-11T10:08:47.043+0000] {manager.py:832} INFO - Searching for files in /opt/airflow/dags
[2026-03-11T10:08:47.044+0000] {manager.py:835} INFO - There are 0 files in /opt/airflow/dags
[2026-03-11T10:13:47.890+0000] {manager.py:832} INFO - Searching for files in /opt/airflow/dags
[2026-03-11T10:13:47.891+0000] {manager.py:835} INFO - There are 0 files in /opt/airflow/dags
[2026-03-11T10:18:48.719+0000] {manager.py:832} INFO - Searching for files in /opt/airflow/dags
[2026-03-11T10:18:48.721+0000] {manager.py:835} INFO - There are 0 files in /opt/airflow/dags
[2026-03-11T10:23:49.554+0000] {manager.py:832} INFO - Searching for files in /opt/airflow/dags
[2026-03-11T10:23:49.555+0000] {manager.py:835} INFO - There are 0 files in /opt/airflow/dags
[2026-03-11T10:28:50.364+0000] {manager.py:832} INFO - Searching for files in /opt/airflow/dags
[2026-03-11T10:28:50.365+0000] {manager.py:835} INFO - There are 0 files in /opt/airflow/dags
[2026-03-11T10:33:51.179+0000] {manager.py:832} INFO - Searching for files in /opt/airflow/dags
[2026-03-11T10:33:51.180+0000] {manager.py:835} INFO - There are 0 files in /opt/airflow/dags
[2026-03-11T10:38:51.984+0000] {manager.py:832} INFO - Searching for files in /opt/airflow/dags
[2026-03-11T10:38:51.985+0000] {manager.py:835} INFO - There are 0 files in /opt/airflow/dags
[2026-03-11T10:43:52.799+0000] {manager.py:832} INFO - Searching for files in /opt/airflow/dags
[2026-03-11T10:43:52.800+0000] {manager.py:835} INFO - There are 0 files in /opt/airflow/dags
[2026-03-11T10:48:53.628+0000] {manager.py:832} INFO - Searching for files in /opt/airflow/dags
[2026-03-11T10:48:53.630+0000] {manager.py:835} INFO - There are 0 files in /opt/airflow/dags
[2026-03-11T10:53:54.489+0000] {manager.py:832} INFO - Searching for files in /opt/airflow/dags
[2026-03-11T10:53:54.490+0000] {manager.py:835} INFO - There are 0 files in /opt/airflow/dags
[2026-03-11T10:58:55.315+0000] {manager.py:832} INFO - Searching for files in /opt/airflow/dags
[2026-03-11T10:58:55.316+0000] {manager.py:835} INFO - There are 0 files in /opt/airflow/dags
[2026-03-11T11:03:56.140+0000] {manager.py:832} INFO - Searching for files in /opt/airflow/dags
[2026-03-11T11:03:56.141+0000] {manager.py:835} INFO - There are 0 files in /opt/airflow/dags
[2026-03-11T11:08:56.962+0000] {manager.py:832} INFO - Searching for files in /opt/airflow/dags
[2026-03-11T11:08:56.963+0000] {manager.py:835} INFO - There are 0 files in /opt/airflow/dags
[2026-03-11T11:13:57.765+0000] {manager.py:832} INFO - Searching for files in /opt/airflow/dags
[2026-03-11T11:13:57.766+0000] {manager.py:835} INFO - There are 0 files in /opt/airflow/dags
[2026-03-11T11:18:58.200+0000] {manager.py:832} INFO - Searching for files in /opt/airflow/dags
[2026-03-11T11:18:58.201+0000] {manager.py:835} INFO - There are 0 files in /opt/airflow/dags
[2026-03-11T11:23:58.722+0000] {manager.py:832} INFO - Searching for files in /opt/airflow/dags
[2026-03-11T11:23:58.723+0000] {manager.py:835} INFO - There are 0 files in /opt/airflow/dags
[2026-03-11T11:28:59.529+0000] {manager.py:832} INFO - Searching for files in /opt/airflow/dags
[2026-03-11T11:28:59.530+0000] {manager.py:835} INFO - There are 0 files in /opt/airflow/dags
[2026-03-11T11:34:00.098+0000] {manager.py:832} INFO - Searching for files in /opt/airflow/dags
[2026-03-11T11:34:00.101+0000] {manager.py:835} INFO - There are 0 files in /opt/airflow/dags
[2026-03-11T11:39:00.543+0000] {manager.py:832} INFO - Searching for files in /opt/airflow/dags
[2026-03-11T11:39:00.544+0000] {manager.py:835} INFO - There are 0 files in /opt/airflow/dags
[2026-03-11T11:44:00.877+0000] {manager.py:832} INFO - Searching for files in /opt/airflow/dags
[2026-03-11T11:44:00.878+0000] {manager.py:835} INFO - There are 0 files in /opt/airflow/dags
[2026-03-11T11:49:01.232+0000] {manager.py:832} INFO - Searching for files in /opt/airflow/dags
[2026-03-11T11:49:01.233+0000] {manager.py:835} INFO - There are 0 files in /opt/airflow/dags
[2026-03-11T11:54:01.573+0000] {manager.py:832} INFO - Searching for files in /opt/airflow/dags
[2026-03-11T11:54:01.574+0000] {manager.py:835} INFO - There are 0 files in /opt/airflow/dags
[2026-03-11T11:59:01.936+0000] {manager.py:832} INFO - Searching for files in /opt/airflow/dags
[2026-03-11T11:59:01.937+0000] {manager.py:835} INFO - There are 0 files in /opt/airflow/dags
[2026-03-11T12:04:02.325+0000] {manager.py:832} INFO - Searching for files in /opt/airflow/dags
[2026-03-11T12:04:02.327+0000] {manager.py:835} INFO - There are 0 files in /opt/airflow/dags
[2026-03-11T12:09:02.709+0000] {manager.py:832} INFO - Searching for files in /opt/airflow/dags
[2026-03-11T12:09:02.710+0000] {manager.py:835} INFO - There are 0 files in /opt/airflow/dags
[2026-03-11T12:14:03.079+0000] {manager.py:832} INFO - Searching for files in /opt/airflow/dags
[2026-03-11T12:14:03.079+0000] {manager.py:835} INFO - There are 0 files in /opt/airflow/dags
[2026-03-11T12:19:03.559+0000] {manager.py:832} INFO - Searching for files in /opt/airflow/dags
[2026-03-11T12:19:03.560+0000] {manager.py:835} INFO - There are 0 files in /opt/airflow/dags
[2026-03-11T12:24:03.926+0000] {manager.py:832} INFO - Searching for files in /opt/airflow/dags
[2026-03-11T12:24:03.927+0000] {manager.py:835} INFO - There are 0 files in /opt/airflow/dags
[2026-03-11T12:29:04.364+0000] {manager.py:832} INFO - Searching for files in /opt/airflow/dags
[2026-03-11T12:29:04.365+0000] {manager.py:835} INFO - There are 0 files in /opt/airflow/dags
[2026-03-11T12:34:04.714+0000] {manager.py:832} INFO - Searching for files in /opt/airflow/dags
[2026-03-11T12:34:04.715+0000] {manager.py:835} INFO - There are 0 files in /opt/airflow/dags
[2026-03-11T12:39:05.099+0000] {manager.py:832} INFO - Searching for files in /opt/airflow/dags
[2026-03-11T12:39:05.100+0000] {manager.py:835} INFO - There are 0 files in /opt/airflow/dags
[2026-03-11T12:44:05.458+0000] {manager.py:832} INFO - Searching for files in /opt/airflow/dags
[2026-03-11T12:44:05.459+0000] {manager.py:835} INFO - There are 0 files in /opt/airflow/dags
[2026-03-11T12:49:05.829+0000] {manager.py:832} INFO - Searching for files in /opt/airflow/dags
[2026-03-11T12:49:05.830+0000] {manager.py:835} INFO - There are 0 files in /opt/airflow/dags
[2026-03-11T12:54:06.214+0000] {manager.py:832} INFO - Searching for files in /opt/airflow/dags
[2026-03-11T12:54:06.214+0000] {manager.py:835} INFO - There are 0 files in /opt/airflow/dags
[2026-03-11T12:59:06.594+0000] {manager.py:832} INFO - Searching for files in /opt/airflow/dags
[2026-03-11T12:59:06.595+0000] {manager.py:835} INFO - There are 0 files in /opt/airflow/dags
[2026-03-11T13:04:06.975+0000] {manager.py:832} INFO - Searching for files in /opt/airflow/dags
[2026-03-11T13:04:06.975+0000] {manager.py:835} INFO - There are 0 files in /opt/airflow/dags
[2026-03-11T13:09:07.360+0000] {manager.py:832} INFO - Searching for files in /opt/airflow/dags
[2026-03-11T13:09:07.361+0000] {manager.py:835} INFO - There are 0 files in /opt/airflow/dags
[2026-03-11T13:14:07.741+0000] {manager.py:832} INFO - Searching for files in /opt/airflow/dags
[2026-03-11T13:14:07.742+0000] {manager.py:835} INFO - There are 0 files in /opt/airflow/dags
[2026-03-11T13:19:08.137+0000] {manager.py:832} INFO - Searching for files in /opt/airflow/dags
[2026-03-11T13:19:08.138+0000] {manager.py:835} INFO - There are 0 files in /opt/airflow/dags
[2026-03-11T13:24:08.517+0000] {manager.py:832} INFO - Searching for files in /opt/airflow/dags
[2026-03-11T13:24:08.518+0000] {manager.py:835} INFO - There are 0 files in /opt/airflow/dags
[2026-03-11T13:29:08.978+0000] {manager.py:832} INFO - Searching for files in /opt/airflow/dags
[2026-03-11T13:29:08.980+0000] {manager.py:835} INFO - There are 0 files in /opt/airflow/dags
[2026-03-11T13:34:09.481+0000] {manager.py:832} INFO - Searching for files in /opt/airflow/dags
[2026-03-11T13:34:09.482+0000] {manager.py:835} INFO - There are 0 files in /opt/airflow/dags
[2026-03-11T13:39:09.897+0000] {manager.py:832} INFO - Searching for files in /opt/airflow/dags
[2026-03-11T13:39:09.898+0000] {manager.py:835} INFO - There are 0 files in /opt/airflow/dags
[2026-03-11T13:44:10.306+0000] {manager.py:832} INFO - Searching for files in /opt/airflow/dags
[2026-03-11T13:44:10.310+0000] {manager.py:835} INFO - There are 0 files in /opt/airflow/dags
[2026-03-11T13:49:10.742+0000] {manager.py:832} INFO - Searching for files in /opt/airflow/dags
[2026-03-11T13:49:10.743+0000] {manager.py:835} INFO - There are 0 files in /opt/airflow/dags
[2026-03-11T13:54:11.150+0000] {manager.py:832} INFO - Searching for files in /opt/airflow/dags
[2026-03-11T13:54:11.150+0000] {manager.py:835} INFO - There are 0 files in /opt/airflow/dags
[2026-03-11T13:59:11.555+0000] {manager.py:832} INFO - Searching for files in /opt/airflow/dags
[2026-03-11T13:59:11.556+0000] {manager.py:835} INFO - There are 0 files in /opt/airflow/dags
[2026-03-11T14:04:11.980+0000] {manager.py:832} INFO - Searching for files in /opt/airflow/dags
[2026-03-11T14:04:11.981+0000] {manager.py:835} INFO - There are 0 files in /opt/airflow/dags
[2026-03-11T14:09:12.416+0000] {manager.py:832} INFO - Searching for files in /opt/airflow/dags
[2026-03-11T14:09:12.417+0000] {manager.py:835} INFO - There are 0 files in /opt/airflow/dags
[2026-03-11T14:14:12.815+0000] {manager.py:832} INFO - Searching for files in /opt/airflow/dags
[2026-03-11T14:14:12.816+0000] {manager.py:835} INFO - There are 0 files in /opt/airflow/dags
[2026-03-11T14:19:13.218+0000] {manager.py:832} INFO - Searching for files in /opt/airflow/dags
[2026-03-11T14:19:13.219+0000] {manager.py:835} INFO - There are 0 files in /opt/airflow/dags
[2026-03-11T14:24:13.644+0000] {manager.py:832} INFO - Searching for files in /opt/airflow/dags
[2026-03-11T14:24:13.646+0000] {manager.py:835} INFO - There are 0 files in /opt/airflow/dags
[2026-03-11T14:29:14.068+0000] {manager.py:832} INFO - Searching for files in /opt/airflow/dags
[2026-03-11T14:29:14.069+0000] {manager.py:835} INFO - There are 0 files in /opt/airflow/dags
[2026-03-11T14:34:14.471+0000] {manager.py:832} INFO - Searching for files in /opt/airflow/dags
[2026-03-11T14:34:14.472+0000] {manager.py:835} INFO - There are 0 files in /opt/airflow/dags
[2026-03-11T14:39:15.053+0000] {manager.py:832} INFO - Searching for files in /opt/airflow/dags
[2026-03-11T14:39:15.055+0000] {manager.py:835} INFO - There are 0 files in /opt/airflow/dags
[2026-03-11T14:44:15.827+0000] {manager.py:832} INFO - Searching for files in /opt/airflow/dags
[2026-03-11T14:44:15.828+0000] {manager.py:835} INFO - There are 0 files in /opt/airflow/dags
[2026-03-11T14:49:16.503+0000] {manager.py:832} INFO - Searching for files in /opt/airflow/dags
[2026-03-11T14:49:16.504+0000] {manager.py:835} INFO - There are 0 files in /opt/airflow/dags
[2026-03-11T14:54:17.202+0000] {manager.py:832} INFO - Searching for files in /opt/airflow/dags
[2026-03-11T14:54:17.203+0000] {manager.py:835} INFO - There are 0 files in /opt/airflow/dags
[2026-03-11T14:59:17.851+0000] {manager.py:832} INFO - Searching for files in /opt/airflow/dags
[2026-03-11T14:59:17.853+0000] {manager.py:835} INFO - There are 0 files in /opt/airflow/dags
[2026-03-11T15:04:18.408+0000] {manager.py:832} INFO - Searching for files in /opt/airflow/dags
[2026-03-11T15:04:18.409+0000] {manager.py:835} INFO - There are 0 files in /opt/airflow/dags
[2026-03-11T15:09:19.114+0000] {manager.py:832} INFO - Searching for files in /opt/airflow/dags
[2026-03-11T15:09:19.115+0000] {manager.py:835} INFO - There are 0 files in /opt/airflow/dags
[2026-03-11T15:14:19.720+0000] {manager.py:832} INFO - Searching for files in /opt/airflow/dags
[2026-03-11T15:14:19.721+0000] {manager.py:835} INFO - There are 0 files in /opt/airflow/dags
[2026-03-11T15:19:20.380+0000] {manager.py:832} INFO - Searching for files in /opt/airflow/dags
[2026-03-11T15:19:20.385+0000] {manager.py:835} INFO - There are 0 files in /opt/airflow/dags
[2026-03-11T15:24:20.958+0000] {manager.py:832} INFO - Searching for files in /opt/airflow/dags
[2026-03-11T15:24:20.959+0000] {manager.py:835} INFO - There are 0 files in /opt/airflow/dags
[2026-03-11T15:29:21.740+0000] {manager.py:832} INFO - Searching for files in /opt/airflow/dags
[2026-03-11T15:29:21.741+0000] {manager.py:835} INFO - There are 0 files in /opt/airflow/dags
[2026-03-11T15:34:22.538+0000] {manager.py:832} INFO - Searching for files in /opt/airflow/dags
[2026-03-11T15:34:22.540+0000] {manager.py:835} INFO - There are 0 files in /opt/airflow/dags
